2023/01/12 07:35:56 [notice] 1#1: using the "epoll" event method
2023/01/12 07:35:56 [notice] 1#1: nginx/1.23.3
2023/01/12 07:35:56 [notice] 1#1: built by gcc 12.2.1 20220924 (Alpine 12.2.1_git20220924-r4) 
2023/01/12 07:35:56 [notice] 1#1: OS: Linux 4.19.128-microsoft-standard
2023/01/12 07:35:56 [notice] 1#1: getrlimit(RLIMIT_NOFILE): 1048576:1048576
2023/01/12 07:35:56 [notice] 1#1: start worker processes
2023/01/12 07:35:56 [notice] 1#1: start worker process 13
2023/01/12 07:35:56 [notice] 1#1: start worker process 14
2023/01/12 07:35:56 [notice] 1#1: start worker process 15
2023/01/12 07:35:56 [notice] 1#1: start worker process 16
2023/01/12 07:35:56 [notice] 1#1: start worker process 17
2023/01/12 07:35:56 [notice] 1#1: start worker process 18
2023/01/12 07:35:56 [notice] 1#1: start worker process 19
2023/01/12 07:35:56 [notice] 1#1: start worker process 20
2023/01/12 09:38:36 [notice] 1#1: signal 3 (SIGQUIT) received, shutting down
2023/01/12 09:38:36 [notice] 14#14: gracefully shutting down
2023/01/12 09:38:36 [notice] 17#17: gracefully shutting down
2023/01/12 09:38:36 [notice] 18#18: gracefully shutting down
2023/01/12 09:38:36 [notice] 16#16: gracefully shutting down
2023/01/12 09:38:36 [notice] 18#18: exiting
2023/01/12 09:38:36 [notice] 13#13: gracefully shutting down
2023/01/12 09:38:36 [notice] 15#15: gracefully shutting down
2023/01/12 09:38:36 [notice] 14#14: exiting
2023/01/12 09:38:36 [notice] 19#19: gracefully shutting down
2023/01/12 09:38:36 [notice] 17#17: exiting
2023/01/12 09:38:36 [notice] 20#20: gracefully shutting down
2023/01/12 09:38:36 [notice] 18#18: exit
2023/01/12 09:38:36 [notice] 17#17: exit
2023/01/12 09:38:36 [notice] 19#19: exiting
2023/01/12 09:38:36 [notice] 20#20: exiting
2023/01/12 09:38:36 [notice] 19#19: exit
2023/01/12 09:38:36 [notice] 14#14: exit
2023/01/12 09:38:36 [notice] 16#16: exiting
2023/01/12 09:38:36 [notice] 15#15: exiting
2023/01/12 09:38:36 [notice] 13#13: exiting
2023/01/12 09:38:36 [notice] 20#20: exit
2023/01/12 09:38:36 [notice] 15#15: exit
2023/01/12 09:38:36 [notice] 16#16: exit
2023/01/12 09:38:36 [notice] 13#13: exit
2023/01/12 09:38:36 [notice] 1#1: signal 17 (SIGCHLD) received from 15
2023/01/12 09:38:36 [notice] 1#1: worker process 14 exited with code 0
2023/01/12 09:38:36 [notice] 1#1: worker process 13 exited with code 0
2023/01/12 09:38:36 [notice] 1#1: worker process 15 exited with code 0
2023/01/12 09:38:36 [notice] 1#1: worker process 16 exited with code 0
2023/01/12 09:38:36 [notice] 1#1: worker process 17 exited with code 0
2023/01/12 09:38:36 [notice] 1#1: worker process 18 exited with code 0
2023/01/12 09:38:36 [notice] 1#1: worker process 19 exited with code 0
2023/01/12 09:38:36 [notice] 1#1: worker process 20 exited with code 0
2023/01/12 09:38:36 [notice] 1#1: exit
