07:35:56.898 [graviteeio-node] [] INFO  i.g.n.c.s.e.PropertiesConfiguration - Loading Gravitee configuration.
07:35:56.946 [graviteeio-node] [] INFO  i.g.n.c.s.e.PropertiesConfiguration - 	Gravitee configuration loaded from /opt/graviteeio-gateway/config/gravitee.yml
07:35:57.371 [graviteeio-node] [] INFO  i.g.n.c.s.e.PropertiesConfiguration - Loading Gravitee configuration. DONE
07:35:57.440 [graviteeio-node] [] INFO  i.g.p.c.s.PluginHandlerBeanFactoryPostProcessor - Loading plugin handlers
07:35:57.464 [graviteeio-node] [] INFO  i.g.p.c.s.PluginHandlerBeanFactoryPostProcessor - Find 11 plugin handler(s):
07:35:57.468 [graviteeio-node] [] INFO  i.g.p.c.s.PluginHandlerBeanFactoryPostProcessor - 	io.gravitee.plugin.entrypoint.internal.EntrypointConnectorPluginHandler
07:35:57.469 [graviteeio-node] [] INFO  i.g.p.c.s.PluginHandlerBeanFactoryPostProcessor - 	io.gravitee.plugin.discovery.internal.ServiceDiscoveryPluginHandler
07:35:57.471 [graviteeio-node] [] INFO  i.g.p.c.s.PluginHandlerBeanFactoryPostProcessor - 	io.gravitee.plugin.connector.internal.ConnectorPluginHandler
07:35:57.472 [graviteeio-node] [] INFO  i.g.p.c.s.PluginHandlerBeanFactoryPostProcessor - 	io.gravitee.plugin.policy.internal.PolicyPluginHandler
07:35:57.473 [graviteeio-node] [] INFO  i.g.p.c.s.PluginHandlerBeanFactoryPostProcessor - 	io.gravitee.node.tracing.plugin.TracingPluginHandler
07:35:57.475 [graviteeio-node] [] INFO  i.g.p.c.s.PluginHandlerBeanFactoryPostProcessor - 	io.gravitee.node.plugins.service.handler.ServicePluginHandler
07:35:57.480 [graviteeio-node] [] INFO  i.g.p.c.s.PluginHandlerBeanFactoryPostProcessor - 	io.gravitee.plugin.endpoint.internal.EndpointConnectorPluginHandler
07:35:57.485 [graviteeio-node] [] INFO  i.g.p.c.s.PluginHandlerBeanFactoryPostProcessor - 	io.gravitee.plugin.repository.internal.RepositoryPluginHandler
07:35:57.486 [graviteeio-node] [] INFO  i.g.p.c.s.PluginHandlerBeanFactoryPostProcessor - 	io.gravitee.node.reporter.plugin.ReporterPluginHandler
07:35:57.495 [graviteeio-node] [] INFO  i.g.p.c.s.PluginHandlerBeanFactoryPostProcessor - 	io.gravitee.plugin.alert.internal.AlertPluginHandler
07:35:57.496 [graviteeio-node] [] INFO  i.g.p.c.s.PluginHandlerBeanFactoryPostProcessor - 	io.gravitee.plugin.resource.internal.ResourcePluginHandler
07:35:58.291 [graviteeio-node] [] INFO  i.g.node.tracing.TracingService - Tracing support is enabled with tracer: name[jaeger]
07:35:58.321 [graviteeio-node] [] INFO  i.g.p.r.i.RepositoryPluginHandler - Loading repository for scope MANAGEMENT: mongodb
07:35:58.321 [graviteeio-node] [] INFO  i.g.p.r.i.RepositoryPluginHandler - Loading repository for scope RATE_LIMIT: mongodb
07:35:58.321 [graviteeio-node] [] INFO  i.g.p.r.i.RepositoryPluginHandler - Loading repository for scope CACHE: ehcache
07:35:59.451 [graviteeio-node] [] WARN  i.g.gateway.env.TimeoutConfiguration - A proper timeout (greater than 0) should be set in order to avoid unclose connection, suggested value is 30_000 ms
07:35:59.725 [graviteeio-node] [] INFO  i.g.c.event.impl.EventManagerImpl - Register new listener ReactorEventListener for event type class io.gravitee.gateway.reactor.ReactorEvent
07:35:59.819 [graviteeio-node] [] WARN  i.gravitee.common.util.DataEncryptor - 
07:35:59.819 [graviteeio-node] [] WARN  i.gravitee.common.util.DataEncryptor - ##############################################################
07:35:59.820 [graviteeio-node] [] WARN  i.gravitee.common.util.DataEncryptor - #                      SECURITY WARNING                      #
07:35:59.820 [graviteeio-node] [] WARN  i.gravitee.common.util.DataEncryptor - ##############################################################
07:35:59.820 [graviteeio-node] [] WARN  i.gravitee.common.util.DataEncryptor - 
07:35:59.820 [graviteeio-node] [] WARN  i.gravitee.common.util.DataEncryptor - You still use the default secret.
07:35:59.820 [graviteeio-node] [] WARN  i.gravitee.common.util.DataEncryptor - This known secret can be used to access protected information.
07:35:59.820 [graviteeio-node] [] WARN  i.gravitee.common.util.DataEncryptor - Please customize the 'api.properties.encryption.secret' parameter value, or ask your administrator to do it.
07:35:59.820 [graviteeio-node] [] WARN  i.gravitee.common.util.DataEncryptor - 
07:35:59.820 [graviteeio-node] [] WARN  i.gravitee.common.util.DataEncryptor - ##############################################################
07:35:59.820 [graviteeio-node] [] WARN  i.gravitee.common.util.DataEncryptor - 
07:35:59.839 [graviteeio-node] [] INFO  i.g.n.m.h.v.e.ManagementEndpointManagerImpl - Register a new endpoint for Management API: GET /apis [io.gravitee.gateway.handlers.api.manager.endpoint.ApisManagementEndpoint]
07:35:59.871 [graviteeio-node] [] INFO  i.g.n.m.h.v.e.ManagementEndpointManagerImpl - Register a new endpoint for Management API: GET /apis/:apiId [io.gravitee.gateway.handlers.api.manager.endpoint.ApiManagementEndpoint]
07:36:00.755 [graviteeio-node] [] INFO  i.g.node.container.AbstractContainer - Starting Gravitee.io - API Gateway...
07:36:00.756 [graviteeio-node] [] INFO  i.g.g.standalone.node.GatewayNode - Gravitee.io - API Gateway is now starting...
07:36:00.761 [graviteeio-node] [] INFO  i.g.g.standalone.node.GatewayNode - 	Starting component: NodeMonitoringReporterService
07:36:00.783 [graviteeio-node] [] INFO  i.g.g.standalone.node.GatewayNode - 	Starting component: ReactorEventListener
07:36:00.784 [graviteeio-node] [] INFO  i.g.common.service.AbstractService - Initializing service io.gravitee.gateway.reactor.handler.ReactorEventListener
07:36:00.784 [graviteeio-node] [] INFO  i.g.g.standalone.node.GatewayNode - 	Starting component: VertxEmbeddedContainer
07:36:00.784 [graviteeio-node] [] INFO  i.g.g.s.vertx.VertxEmbeddedContainer - Starting Vertx container and deploy Gateway Verticles [16 instance(s)]
07:36:00.797 [graviteeio-node] [] INFO  i.g.g.standalone.node.GatewayNode - 	Starting component: SubscriptionDispatcher
07:36:00.797 [graviteeio-node] [] INFO  i.g.common.service.AbstractService - Initializing service io.gravitee.gateway.jupiter.reactor.v4.subscription.DefaultSubscriptionDispatcher
07:36:00.798 [graviteeio-node] [] INFO  i.g.g.standalone.node.GatewayNode - 	Starting component: ClusterService
07:36:00.798 [graviteeio-node] [] INFO  i.g.common.service.AbstractService - Initializing service io.gravitee.node.cluster.ClusterService
07:36:00.798 [graviteeio-node] [] INFO  i.g.g.standalone.node.GatewayNode - 	Starting component: LicenseService
07:36:00.798 [graviteeio-node] [] INFO  i.g.common.service.AbstractService - Initializing service License service
07:36:00.805 [graviteeio-node] [] INFO  i.g.node.license.LicenseService - No license file found. Some plugins may be disabled
07:36:00.838 [graviteeio-node] [] INFO  i.g.n.m.h.v.e.ManagementEndpointManagerImpl - Register a new endpoint for Management API: GET /license [io.gravitee.node.license.management.NodeLicenseManagementEndpoint]
07:36:00.839 [graviteeio-node] [] INFO  i.g.g.standalone.node.GatewayNode - 	Starting component: PluginEventListener
07:36:00.839 [graviteeio-node] [] INFO  i.g.common.service.AbstractService - Initializing service io.gravitee.plugin.core.internal.PluginEventListener
07:36:00.839 [graviteeio-node] [] INFO  i.g.c.event.impl.EventManagerImpl - Register new listener PluginEventListener for event type class io.gravitee.plugin.core.api.PluginEvent
07:36:00.839 [graviteeio-node] [] INFO  i.g.g.standalone.node.GatewayNode - 	Starting component: PluginRegistry
07:36:00.839 [graviteeio-node] [] INFO  i.g.common.service.AbstractService - Initializing service io.gravitee.plugin.core.internal.PluginRegistryImpl
07:36:00.839 [graviteeio-node] [] INFO  i.g.p.c.internal.PluginRegistryImpl - Initializing plugin registry.
07:36:00.839 [graviteeio-node] [] INFO  i.g.p.c.internal.PluginRegistryImpl - Loading plugins from /opt/graviteeio-gateway/plugins
07:36:02.078 [vert.x-eventloop-thread-1] [] INFO  i.g.g.s.vertx.ReactorVerticle - HTTP listener ready to accept requests on port 8082
07:36:02.078 [vert.x-eventloop-thread-14] [] INFO  i.g.g.s.vertx.ReactorVerticle - HTTP listener ready to accept requests on port 8082
07:36:02.079 [vert.x-eventloop-thread-0] [] INFO  i.g.g.s.vertx.ReactorVerticle - HTTP listener ready to accept requests on port 8082
07:36:02.079 [vert.x-eventloop-thread-15] [] INFO  i.g.g.s.vertx.ReactorVerticle - HTTP listener ready to accept requests on port 8082
07:36:02.083 [vert.x-eventloop-thread-11] [] INFO  i.g.g.s.vertx.ReactorVerticle - HTTP listener ready to accept requests on port 8082
07:36:02.083 [vert.x-eventloop-thread-10] [] INFO  i.g.g.s.vertx.ReactorVerticle - HTTP listener ready to accept requests on port 8082
07:36:02.083 [vert.x-eventloop-thread-12] [] INFO  i.g.g.s.vertx.ReactorVerticle - HTTP listener ready to accept requests on port 8082
07:36:02.084 [vert.x-eventloop-thread-13] [] INFO  i.g.g.s.vertx.ReactorVerticle - HTTP listener ready to accept requests on port 8082
07:36:02.084 [vert.x-eventloop-thread-9] [] INFO  i.g.g.s.vertx.ReactorVerticle - HTTP listener ready to accept requests on port 8082
07:36:02.086 [vert.x-eventloop-thread-7] [] INFO  i.g.g.s.vertx.ReactorVerticle - HTTP listener ready to accept requests on port 8082
07:36:02.087 [vert.x-eventloop-thread-5] [] INFO  i.g.g.s.vertx.ReactorVerticle - HTTP listener ready to accept requests on port 8082
07:36:02.087 [vert.x-eventloop-thread-6] [] INFO  i.g.g.s.vertx.ReactorVerticle - HTTP listener ready to accept requests on port 8082
07:36:02.087 [vert.x-eventloop-thread-3] [] INFO  i.g.g.s.vertx.ReactorVerticle - HTTP listener ready to accept requests on port 8082
07:36:02.087 [vert.x-eventloop-thread-4] [] INFO  i.g.g.s.vertx.ReactorVerticle - HTTP listener ready to accept requests on port 8082
07:36:02.087 [vert.x-eventloop-thread-2] [] INFO  i.g.g.s.vertx.ReactorVerticle - HTTP listener ready to accept requests on port 8082
07:36:02.093 [vert.x-eventloop-thread-8] [] INFO  i.g.g.s.vertx.ReactorVerticle - HTTP listener ready to accept requests on port 8082
07:36:02.231 [graviteeio-node] [] INFO  i.g.p.c.internal.PluginRegistryImpl - List of available policy: 
07:36:02.232 [graviteeio-node] [] INFO  i.g.p.c.internal.PluginRegistryImpl - 	> policy-http-callout [2.0.1] has been loaded
07:36:02.233 [graviteeio-node] [] INFO  i.g.p.c.internal.PluginRegistryImpl - 	> spike-arrest [2.0.0] has been loaded
07:36:02.233 [graviteeio-node] [] INFO  i.g.p.c.internal.PluginRegistryImpl - 	> json-xml [2.0.0] has been loaded
07:36:02.233 [graviteeio-node] [] INFO  i.g.p.c.internal.PluginRegistryImpl - 	> json-threat-protection [1.3.3] has been loaded
07:36:02.233 [graviteeio-node] [] INFO  i.g.p.c.internal.PluginRegistryImpl - 	> policy-assign-content [1.7.0] has been loaded
07:36:02.233 [graviteeio-node] [] INFO  i.g.p.c.internal.PluginRegistryImpl - 	> latency [1.4.0] has been loaded
07:36:02.233 [graviteeio-node] [] INFO  i.g.p.c.internal.PluginRegistryImpl - 	> dynamic-routing [1.11.1] has been loaded
07:36:02.233 [graviteeio-node] [] INFO  i.g.p.c.internal.PluginRegistryImpl - 	> rest-to-soap [1.13.0] has been loaded
07:36:02.233 [graviteeio-node] [] INFO  i.g.p.c.internal.PluginRegistryImpl - 	> mock [1.13.0] has been loaded
07:36:02.233 [graviteeio-node] [] INFO  i.g.p.c.internal.PluginRegistryImpl - 	> api-key [3.0.0] has been loaded
07:36:02.233 [graviteeio-node] [] INFO  i.g.p.c.internal.PluginRegistryImpl - 	> http-signature [1.5.0] has been loaded
07:36:02.233 [graviteeio-node] [] INFO  i.g.p.c.internal.PluginRegistryImpl - 	> traffic-shadowing [1.1.0] has been loaded
07:36:02.233 [graviteeio-node] [] INFO  i.g.p.c.internal.PluginRegistryImpl - 	> ssl-enforcement [1.2.1] has been loaded
07:36:02.234 [graviteeio-node] [] INFO  i.g.p.c.internal.PluginRegistryImpl - 	> policy-generate-jwt [1.5.0] has been loaded
07:36:02.234 [graviteeio-node] [] INFO  i.g.p.c.internal.PluginRegistryImpl - 	> jwt [3.0.0] has been loaded
07:36:02.234 [graviteeio-node] [] INFO  i.g.p.c.internal.PluginRegistryImpl - 	> url-rewriting [1.5.0] has been loaded
07:36:02.234 [graviteeio-node] [] INFO  i.g.p.c.internal.PluginRegistryImpl - 	> metrics-reporter [2.0.0] has been loaded
07:36:02.234 [graviteeio-node] [] INFO  i.g.p.c.internal.PluginRegistryImpl - 	> generate-http-signature [1.1.0] has been loaded
07:36:02.235 [graviteeio-node] [] INFO  i.g.p.c.internal.PluginRegistryImpl - 	> regex-threat-protection [1.3.2] has been loaded
07:36:02.235 [graviteeio-node] [] INFO  i.g.p.c.internal.PluginRegistryImpl - 	> policy-openid-userinfo [1.5.2] has been loaded
07:36:02.235 [graviteeio-node] [] INFO  i.g.p.c.internal.PluginRegistryImpl - 	> rbac [1.1.0] has been loaded
07:36:02.235 [graviteeio-node] [] INFO  i.g.p.c.internal.PluginRegistryImpl - 	> key-less [2.0.0] has been loaded
07:36:02.235 [graviteeio-node] [] INFO  i.g.p.c.internal.PluginRegistryImpl - 	> xml-validation [1.1.0] has been loaded
07:36:02.235 [graviteeio-node] [] INFO  i.g.p.c.internal.PluginRegistryImpl - 	> cache [1.15.2] has been loaded
07:36:02.235 [graviteeio-node] [] INFO  i.g.p.c.internal.PluginRegistryImpl - 	> policy-request-validation [1.13.0] has been loaded
07:36:02.235 [graviteeio-node] [] INFO  i.g.p.c.internal.PluginRegistryImpl - 	> retry [2.1.0] has been loaded
07:36:02.235 [graviteeio-node] [] INFO  i.g.p.c.internal.PluginRegistryImpl - 	> policy-override-request-method [1.3.0] has been loaded
07:36:02.235 [graviteeio-node] [] INFO  i.g.p.c.internal.PluginRegistryImpl - 	> transform-headers [1.10.0] has been loaded
07:36:02.235 [graviteeio-node] [] INFO  i.g.p.c.internal.PluginRegistryImpl - 	> jws [1.3.2] has been loaded
07:36:02.236 [graviteeio-node] [] INFO  i.g.p.c.internal.PluginRegistryImpl - 	> html-json [1.6.0] has been loaded
07:36:02.236 [graviteeio-node] [] INFO  i.g.p.c.internal.PluginRegistryImpl - 	> rate-limit [2.0.0] has been loaded
07:36:02.236 [graviteeio-node] [] INFO  i.g.p.c.internal.PluginRegistryImpl - 	> xml-json [1.8.1] has been loaded
07:36:02.236 [graviteeio-node] [] INFO  i.g.p.c.internal.PluginRegistryImpl - 	> request-content-limit [1.8.0] has been loaded
07:36:02.236 [graviteeio-node] [] INFO  i.g.p.c.internal.PluginRegistryImpl - 	> transform-queryparams [1.6.0] has been loaded
07:36:02.236 [graviteeio-node] [] INFO  i.g.p.c.internal.PluginRegistryImpl - 	> message-filtering [1.0.0] has been loaded
07:36:02.236 [graviteeio-node] [] INFO  i.g.p.c.internal.PluginRegistryImpl - 	> xml-threat-protection [1.3.2] has been loaded
07:36:02.236 [graviteeio-node] [] INFO  i.g.p.c.internal.PluginRegistryImpl - 	> resource-filtering [1.8.0] has been loaded
07:36:02.236 [graviteeio-node] [] INFO  i.g.p.c.internal.PluginRegistryImpl - 	> policy-assign-attributes [1.5.0] has been loaded
07:36:02.236 [graviteeio-node] [] INFO  i.g.p.c.internal.PluginRegistryImpl - 	> json-to-json [1.7.1] has been loaded
07:36:02.236 [graviteeio-node] [] INFO  i.g.p.c.internal.PluginRegistryImpl - 	> oauth2 [2.0.0] has been loaded
07:36:02.237 [graviteeio-node] [] INFO  i.g.p.c.internal.PluginRegistryImpl - 	> groovy [2.2.2] has been loaded
07:36:02.237 [graviteeio-node] [] INFO  i.g.p.c.internal.PluginRegistryImpl - 	> quota [2.0.0] has been loaded
07:36:02.237 [graviteeio-node] [] INFO  i.g.p.c.internal.PluginRegistryImpl - 	> ip-filtering [1.9.0] has been loaded
07:36:02.237 [graviteeio-node] [] INFO  i.g.p.c.internal.PluginRegistryImpl - 	> xslt [2.0.0] has been loaded
07:36:02.237 [graviteeio-node] [] INFO  i.g.p.c.internal.PluginRegistryImpl - 	> json-validation [1.6.1] has been loaded
07:36:02.249 [graviteeio-node] [] INFO  i.g.p.c.internal.PluginRegistryImpl - List of available endpoint-connector: 
07:36:02.249 [graviteeio-node] [] INFO  i.g.p.c.internal.PluginRegistryImpl - 	> mock [3.20.0] has been loaded
07:36:02.249 [graviteeio-node] [] INFO  i.g.p.c.internal.PluginRegistryImpl - 	> http-proxy [3.20.0] has been loaded
07:36:02.249 [graviteeio-node] [] INFO  i.g.p.c.internal.PluginRegistryImpl - 	> mqtt5 [3.20.0] has been loaded
07:36:02.249 [graviteeio-node] [] INFO  i.g.p.c.internal.PluginRegistryImpl - 	> kafka [3.20.0] has been loaded
07:36:02.249 [graviteeio-node] [] INFO  i.g.p.c.internal.PluginRegistryImpl - List of available entrypoint-connector: 
07:36:02.249 [graviteeio-node] [] INFO  i.g.p.c.internal.PluginRegistryImpl - 	> http-proxy [3.20.0] has been loaded
07:36:02.249 [graviteeio-node] [] INFO  i.g.p.c.internal.PluginRegistryImpl - 	> http-get [3.20.0] has been loaded
07:36:02.249 [graviteeio-node] [] INFO  i.g.p.c.internal.PluginRegistryImpl - 	> webhook [3.20.0] has been loaded
07:36:02.249 [graviteeio-node] [] INFO  i.g.p.c.internal.PluginRegistryImpl - 	> websocket [3.20.0] has been loaded
07:36:02.249 [graviteeio-node] [] INFO  i.g.p.c.internal.PluginRegistryImpl - 	> http-post [3.20.0] has been loaded
07:36:02.249 [graviteeio-node] [] INFO  i.g.p.c.internal.PluginRegistryImpl - 	> sse [3.20.0] has been loaded
07:36:02.249 [graviteeio-node] [] INFO  i.g.p.c.internal.PluginRegistryImpl - List of available service: 
07:36:02.249 [graviteeio-node] [] INFO  i.g.p.c.internal.PluginRegistryImpl - 	> localregistry [3.20.0] has been loaded
07:36:02.249 [graviteeio-node] [] INFO  i.g.p.c.internal.PluginRegistryImpl - 	> gateway-debug [3.20.0] has been loaded
07:36:02.249 [graviteeio-node] [] INFO  i.g.p.c.internal.PluginRegistryImpl - 	> heartbeat [3.20.0] has been loaded
07:36:02.249 [graviteeio-node] [] INFO  i.g.p.c.internal.PluginRegistryImpl - 	> sync [3.20.0] has been loaded
07:36:02.249 [graviteeio-node] [] INFO  i.g.p.c.internal.PluginRegistryImpl - 	> healthcheck [3.20.0] has been loaded
07:36:02.249 [graviteeio-node] [] INFO  i.g.p.c.internal.PluginRegistryImpl - 	> service-bridge-http-server [3.20.0] has been loaded
07:36:02.249 [graviteeio-node] [] INFO  i.g.p.c.internal.PluginRegistryImpl - 	> service-endpoint-discovery [3.20.0] has been loaded
07:36:02.249 [graviteeio-node] [] INFO  i.g.p.c.internal.PluginRegistryImpl - 	> ratelimitasync [2.0.0] has been loaded
07:36:02.249 [graviteeio-node] [] INFO  i.g.p.c.internal.PluginRegistryImpl - List of available service_discovery: 
07:36:02.249 [graviteeio-node] [] INFO  i.g.p.c.internal.PluginRegistryImpl - 	> consul-service-discovery [1.3.0] has been loaded
07:36:02.249 [graviteeio-node] [] INFO  i.g.p.c.internal.PluginRegistryImpl - List of available connector: 
07:36:02.249 [graviteeio-node] [] INFO  i.g.p.c.internal.PluginRegistryImpl - 	> connector-http [2.0.10] has been loaded
07:36:02.250 [graviteeio-node] [] INFO  i.g.p.c.internal.PluginRegistryImpl - List of available reporter: 
07:36:02.250 [graviteeio-node] [] INFO  i.g.p.c.internal.PluginRegistryImpl - 	> reporter-tcp [1.4.4] has been loaded
07:36:02.250 [graviteeio-node] [] INFO  i.g.p.c.internal.PluginRegistryImpl - 	> file [2.5.5] has been loaded
07:36:02.250 [graviteeio-node] [] INFO  i.g.p.c.internal.PluginRegistryImpl - 	> elastic [4.0.0] has been loaded
07:36:02.250 [graviteeio-node] [] INFO  i.g.p.c.internal.PluginRegistryImpl - List of available resource: 
07:36:02.250 [graviteeio-node] [] INFO  i.g.p.c.internal.PluginRegistryImpl - 	> oauth2-am-resource [2.0.0] has been loaded
07:36:02.250 [graviteeio-node] [] INFO  i.g.p.c.internal.PluginRegistryImpl - 	> oauth2 [2.0.0] has been loaded
07:36:02.250 [graviteeio-node] [] INFO  i.g.p.c.internal.PluginRegistryImpl - 	> cache [1.9.0] has been loaded
07:36:02.250 [graviteeio-node] [] INFO  i.g.p.c.internal.PluginRegistryImpl - List of available alert: 
07:36:02.250 [graviteeio-node] [] INFO  i.g.p.c.internal.PluginRegistryImpl - 	> alert-engine-connector-ws [2.0.0] has been loaded
07:36:02.250 [graviteeio-node] [] INFO  i.g.p.c.internal.PluginRegistryImpl - List of available repository: 
07:36:02.250 [graviteeio-node] [] INFO  i.g.p.c.internal.PluginRegistryImpl - 	> repository-bridge-http-client [3.20.0] has been loaded
07:36:02.250 [graviteeio-node] [] INFO  i.g.p.c.internal.PluginRegistryImpl - 	> repository-jdbc [3.20.0] has been loaded
07:36:02.250 [graviteeio-node] [] INFO  i.g.p.c.internal.PluginRegistryImpl - 	> repository-mongodb [3.20.0] has been loaded
07:36:02.250 [graviteeio-node] [] INFO  i.g.p.c.internal.PluginEventListener - All plugins have been loaded. Installing...
07:36:02.474 [graviteeio-node] [] INFO  i.g.p.r.i.RepositoryPluginHandler - Register a new repository: repository-bridge-http-client [io.gravitee.repository.bridge.client.HttpBridgeRepositoryProvider]
07:36:02.489 [graviteeio-node] [] INFO  i.g.p.r.i.RepositoryPluginHandler - Register a new repository: repository-mongodb [io.gravitee.repository.mongodb.MongoRepositoryProvider]
07:36:02.518 [graviteeio-node] [] INFO  i.g.p.r.i.RepositoryPluginHandler - Repository [MANAGEMENT] loaded by mongodb
07:36:08.554 [graviteeio-node] [] WARN  o.s.data.convert.CustomConversions - Registering converter from class org.bson.BsonUndefined to class java.lang.Object as reading converter although it doesn't convert from a store-supported type; You might want to check your annotation setup at the converter implementation
07:36:12.105 [graviteeio-node] [] INFO  i.g.p.r.i.RepositoryPluginHandler - Repository [RATE_LIMIT] loaded by mongodb
07:36:12.656 [graviteeio-node] [] INFO  i.g.p.r.i.RepositoryPluginHandler - Register a new repository: repository-jdbc [io.gravitee.repository.jdbc.JdbcRepositoryProvider]
07:36:12.659 [graviteeio-node] [] INFO  i.g.p.a.internal.AlertPluginHandler - Install plugin: alert-engine-connector-ws [io.gravitee.ae.connector.ws.WsConnectorPlugin]
07:36:13.164 [graviteeio-node] [] INFO  i.g.p.d.i.ServiceDiscoveryPluginHandler - Install plugin: consul-service-discovery [io.gravitee.discovery.consul.ConsulServiceDiscovery]
07:36:13.208 [graviteeio-node] [] INFO  i.g.p.p.internal.PolicyPluginHandler - Install plugin: policy-openid-userinfo [io.gravitee.policy.openid.userinfo.UserInfoPolicy]
07:36:13.264 [graviteeio-node] [] INFO  i.g.p.p.internal.PolicyPluginHandler - Install plugin: groovy [io.gravitee.policy.groovy.GroovyPolicy]
07:36:13.281 [graviteeio-node] [] INFO  i.g.p.e.i.EntrypointConnectorPluginHandler - Install plugin: sse [io.gravitee.plugin.entrypoint.sse.SseEntrypointConnectorFactory]
07:36:13.314 [graviteeio-node] [] INFO  i.g.p.e.i.EndpointConnectorPluginHandler - Install plugin: mqtt5 [io.gravitee.plugin.endpoint.mqtt5.Mqtt5EndpointConnectorFactory]
07:36:13.340 [graviteeio-node] [] INFO  i.g.p.e.i.EntrypointConnectorPluginHandler - Install plugin: http-proxy [io.gravitee.plugin.entrypoint.http.proxy.HttpProxyEntrypointConnectorFactory]
07:36:13.354 [graviteeio-node] [] INFO  i.g.p.p.internal.PolicyPluginHandler - Install plugin: cache [io.gravitee.policy.cache.CachePolicy]
07:36:13.389 [graviteeio-node] [] INFO  i.g.p.p.internal.PolicyPluginHandler - Install plugin: traffic-shadowing [io.gravitee.policy.trafficshadowing.TrafficShadowingPolicy]
07:36:13.400 [graviteeio-node] [] INFO  i.g.p.p.internal.PolicyPluginHandler - Install plugin: rest-to-soap [io.gravitee.policy.rest2soap.RestToSoapTransformerPolicy]
07:36:13.406 [graviteeio-node] [] INFO  i.g.p.p.internal.PolicyPluginHandler - Install plugin: xml-validation [io.gravitee.policy.xmlvalidation.XmlValidationPolicy]
07:36:13.427 [graviteeio-node] [] INFO  i.g.n.p.s.h.ServicePluginHandler - Install plugin: service-endpoint-discovery [io.gravitee.gateway.services.endpoint.discovery.EndpointDiscoveryService]
07:36:13.462 [graviteeio-node] [] INFO  i.g.p.r.i.ResourcePluginHandler - Install plugin: oauth2-am-resource [io.gravitee.resource.oauth2.am.OAuth2AMResource]
07:36:13.482 [graviteeio-node] [] INFO  i.g.n.p.s.h.ServicePluginHandler - Install plugin: ratelimitasync [io.gravitee.gateway.services.ratelimit.AsyncRateLimitService]
07:36:13.493 [graviteeio-node] [] INFO  i.g.p.p.internal.PolicyPluginHandler - Install plugin: json-threat-protection [io.gravitee.policy.threatprotection.json.JsonThreatProtectionPolicy]
07:36:13.515 [graviteeio-node] [] INFO  i.g.p.p.internal.PolicyPluginHandler - Install plugin: message-filtering [io.gravitee.policy.messagefiltering.MessageFilteringPolicy]
07:36:13.519 [graviteeio-node] [] INFO  i.g.n.p.s.h.ServicePluginHandler - Install plugin: localregistry [io.gravitee.gateway.services.localregistry.LocalApiDefinitionRegistry]
07:36:13.548 [graviteeio-node] [] INFO  i.g.p.p.internal.PolicyPluginHandler - Install plugin: latency [io.gravitee.policy.latency.LatencyPolicy]
07:36:13.557 [graviteeio-node] [] INFO  i.g.n.p.s.h.ServicePluginHandler - Install plugin: sync [io.gravitee.gateway.services.sync.SyncService]
07:36:13.773 [graviteeio-node] [] INFO  i.g.p.e.i.EntrypointConnectorPluginHandler - Install plugin: webhook [io.gravitee.plugin.entrypoint.webhook.WebhookEntrypointConnectorFactory]
07:36:13.781 [graviteeio-node] [] INFO  i.g.p.p.internal.PolicyPluginHandler - Install plugin: regex-threat-protection [io.gravitee.policy.threatprotection.regex.RegexThreatProtectionPolicy]
07:36:13.786 [graviteeio-node] [] INFO  i.g.p.p.internal.PolicyPluginHandler - Install plugin: xml-threat-protection [io.gravitee.policy.threatprotection.xml.XmlThreatProtectionPolicy]
07:36:13.799 [graviteeio-node] [] INFO  i.g.p.p.internal.PolicyPluginHandler - Install plugin: retry [io.gravitee.policy.retry.RetryPolicy]
07:36:13.808 [graviteeio-node] [] INFO  i.g.p.e.i.EndpointConnectorPluginHandler - Install plugin: mock [io.gravitee.plugin.endpoint.mock.MockEndpointConnectorFactory]
07:36:13.814 [graviteeio-node] [] INFO  i.g.p.p.internal.PolicyPluginHandler - Install plugin: jws [io.gravitee.policy.jws.JWSPolicy]
07:36:13.821 [graviteeio-node] [] INFO  i.g.p.p.internal.PolicyPluginHandler - Install plugin: html-json [io.gravitee.policy.html2Json.HTMLToJSONTransformationPolicy]
07:36:13.826 [graviteeio-node] [] INFO  i.g.p.p.internal.PolicyPluginHandler - Install plugin: transform-queryparams [io.gravitee.policy.transformqueryparams.TransformQueryParametersPolicy]
07:36:13.835 [graviteeio-node] [] INFO  i.g.n.r.plugin.ReporterPluginHandler - Install plugin: elastic [io.gravitee.reporter.elasticsearch.ElasticsearchReporter]
07:36:14.559 [graviteeio-node] [] INFO  i.g.p.p.internal.PolicyPluginHandler - Install plugin: dynamic-routing [io.gravitee.policy.dynamicrouting.DynamicRoutingPolicy]
07:36:14.564 [graviteeio-node] [] INFO  i.g.p.e.i.EntrypointConnectorPluginHandler - Install plugin: http-post [io.gravitee.plugin.entrypoint.http.post.HttpPostEntrypointConnectorFactory]
07:36:14.570 [graviteeio-node] [] INFO  i.g.n.p.s.h.ServicePluginHandler - Install plugin: service-bridge-http-server [io.gravitee.repository.bridge.server.BridgeService]
07:36:14.618 [graviteeio-node] [] INFO  i.g.n.r.plugin.ReporterPluginHandler - Installation skipped for: file [io.gravitee.reporter.file.FileReporter]
07:36:14.619 [graviteeio-node] [] INFO  i.g.n.p.s.h.ServicePluginHandler - Install plugin: heartbeat [io.gravitee.gateway.services.heartbeat.HeartbeatService]
07:36:14.657 [graviteeio-node] [] INFO  i.g.p.e.i.EndpointConnectorPluginHandler - Install plugin: http-proxy [io.gravitee.plugin.endpoint.http.proxy.HttpProxyEndpointConnectorFactory]
07:36:14.666 [graviteeio-node] [] INFO  i.g.p.p.internal.PolicyPluginHandler - Install plugin: rbac [io.gravitee.policy.rbac.RoleBasedAccessControlPolicy]
07:36:14.671 [graviteeio-node] [] INFO  i.g.p.p.internal.PolicyPluginHandler - Install plugin: resource-filtering [io.gravitee.policy.resourcefiltering.ResourceFilteringPolicy]
07:36:14.682 [graviteeio-node] [] INFO  i.g.p.p.internal.PolicyPluginHandler - Install plugin: policy-override-request-method [io.gravitee.policy.overriderequestmethod.OverrideRequestMethodPolicy]
07:36:14.686 [graviteeio-node] [] INFO  i.g.p.p.internal.PolicyPluginHandler - Install plugin: mock [io.gravitee.policy.mock.MockPolicy]
07:36:14.707 [graviteeio-node] [] INFO  i.g.p.p.internal.PolicyPluginHandler - Install plugin: policy-request-validation [io.gravitee.policy.requestvalidation.RequestValidationPolicy]
07:36:14.717 [graviteeio-node] [] INFO  i.g.n.p.s.h.ServicePluginHandler - Install plugin: healthcheck [io.gravitee.gateway.services.healthcheck.EndpointHealthcheckService]
07:36:14.763 [graviteeio-node] [] INFO  i.g.p.p.internal.PolicyPluginHandler - Install plugin: xml-json [io.gravitee.policy.xml2json.XmlToJsonTransformationPolicy]
07:36:14.781 [graviteeio-node] [] INFO  i.g.p.e.i.EndpointConnectorPluginHandler - Install plugin: kafka [io.gravitee.plugin.endpoint.kafka.KafkaEndpointConnectorFactory]
07:36:14.795 [graviteeio-node] [] INFO  i.g.p.p.internal.PolicyPluginHandler - Install plugin: http-signature [io.gravitee.policy.httpsignature.HttpSignaturePolicy]
07:36:14.802 [graviteeio-node] [] INFO  i.g.p.p.internal.PolicyPluginHandler - Install plugin: json-to-json [io.gravitee.policy.json2json.JsonToJsonTransformationPolicy]
07:36:14.811 [graviteeio-node] [] INFO  i.g.n.p.s.h.ServicePluginHandler - Install plugin: gateway-debug [io.gravitee.gateway.debug.DebugService]
07:36:14.947 [graviteeio-node] [] INFO  i.g.c.event.impl.EventManagerImpl - Register new listener DebugOrganizationManager for event type class io.gravitee.gateway.platform.manager.OrganizationEvent
07:36:14.983 [graviteeio-node] [] INFO  i.g.c.event.impl.EventManagerImpl - Register new listener DebugReactorEventListener for event type class io.gravitee.gateway.reactor.ReactorEvent
07:36:15.049 [graviteeio-node] [] INFO  i.g.p.p.internal.PolicyPluginHandler - Install plugin: ssl-enforcement [io.gravitee.policy.sslenforcement.SslEnforcementPolicy]
07:36:15.064 [graviteeio-node] [] INFO  i.g.p.p.internal.PolicyPluginHandler - Install plugin: api-key [io.gravitee.policy.apikey.ApiKeyPolicy]
07:36:15.078 [graviteeio-node] [] INFO  i.g.p.p.internal.PolicyPluginHandler - Install plugin: jwt [io.gravitee.policy.jwt.JWTPolicy]
07:36:15.109 [graviteeio-node] [] INFO  i.g.p.p.internal.PolicyPluginHandler - Install plugin: rate-limit [io.gravitee.policy.ratelimit.RateLimitPolicy]
07:36:15.120 [graviteeio-node] [] INFO  i.g.p.p.internal.PolicyPluginHandler - Install plugin: policy-assign-content [io.gravitee.policy.assigncontent.AssignContentPolicy]
07:36:15.136 [graviteeio-node] [] INFO  i.g.p.p.internal.PolicyPluginHandler - Install plugin: policy-generate-jwt [io.gravitee.policy.generatejwt.GenerateJwtPolicy]
07:36:15.154 [graviteeio-node] [] INFO  i.g.p.p.internal.PolicyPluginHandler - Install plugin: spike-arrest [io.gravitee.policy.spike.SpikeArrestPolicy]
07:36:15.179 [graviteeio-node] [] INFO  i.g.p.p.internal.PolicyPluginHandler - Install plugin: url-rewriting [io.gravitee.policy.urlrewriting.URLRewritingPolicy]
07:36:15.186 [graviteeio-node] [] INFO  i.g.p.p.internal.PolicyPluginHandler - Install plugin: key-less [io.gravitee.policy.keyless.KeylessPolicy]
07:36:15.192 [graviteeio-node] [] INFO  i.g.p.p.i.PolicyConfigurationClassFinder - No policy configuration class defined for policy io.gravitee.policy.keyless.KeylessPolicy
07:36:15.195 [graviteeio-node] [] INFO  i.g.p.p.internal.PolicyPluginHandler - Install plugin: policy-assign-attributes [io.gravitee.policy.assignattributes.AssignAttributesPolicy]
07:36:15.200 [graviteeio-node] [] INFO  i.g.p.e.i.EntrypointConnectorPluginHandler - Install plugin: http-get [io.gravitee.plugin.entrypoint.http.get.HttpGetEntrypointConnectorFactory]
07:36:15.207 [graviteeio-node] [] INFO  i.g.p.p.internal.PolicyPluginHandler - Install plugin: quota [io.gravitee.policy.quota.QuotaPolicy]
07:36:15.214 [graviteeio-node] [] INFO  i.g.p.r.i.ResourcePluginHandler - Install plugin: oauth2 [io.gravitee.resource.oauth2.generic.OAuth2GenericResource]
07:36:15.220 [graviteeio-node] [] INFO  i.g.p.p.internal.PolicyPluginHandler - Install plugin: ip-filtering [io.gravitee.policy.ipfiltering.IPFilteringPolicy]
07:36:15.235 [graviteeio-node] [] INFO  i.g.p.c.i.ConnectorPluginHandler - Install plugin: connector-http [io.gravitee.connector.http.HttpConnectorFactory]
07:36:15.249 [graviteeio-node] [] INFO  i.g.p.c.i.ConnectorConfigurationClassFinder - No connector configuration class defined for connector io.gravitee.connector.http.HttpConnectorFactory
07:36:15.272 [graviteeio-node] [] INFO  i.g.p.p.internal.PolicyPluginHandler - Install plugin: metrics-reporter [io.gravitee.policy.metricsreporter.MetricsReporterPolicy]
07:36:15.281 [graviteeio-node] [] INFO  i.g.p.p.internal.PolicyPluginHandler - Install plugin: json-validation [io.gravitee.policy.jsonvalidation.JsonValidationPolicy]
07:36:15.289 [graviteeio-node] [] INFO  i.g.p.p.internal.PolicyPluginHandler - Install plugin: json-xml [io.gravitee.policy.json2xml.JsonToXmlTransformationPolicy]
07:36:15.304 [graviteeio-node] [] INFO  i.g.p.e.i.EntrypointConnectorPluginHandler - Install plugin: websocket [io.gravitee.plugin.entrypoint.websocket.WebSocketEntrypointConnectorFactory]
07:36:15.335 [graviteeio-node] [] INFO  i.g.p.p.internal.PolicyPluginHandler - Install plugin: transform-headers [io.gravitee.policy.transformheaders.TransformHeadersPolicy]
07:36:15.346 [graviteeio-node] [] INFO  i.g.p.r.i.ResourcePluginHandler - Install plugin: cache [io.gravitee.resource.cache.InMemoryCacheResource]
07:36:15.353 [graviteeio-node] [] INFO  i.g.p.p.internal.PolicyPluginHandler - Install plugin: xslt [io.gravitee.policy.xslt.XSLTTransformationPolicy]
07:36:15.368 [graviteeio-node] [] INFO  i.g.p.p.internal.PolicyPluginHandler - Install plugin: generate-http-signature [io.gravitee.policy.generatehttpsignature.GenerateHttpSignaturePolicy]
07:36:15.374 [graviteeio-node] [] INFO  i.g.p.p.internal.PolicyPluginHandler - Install plugin: request-content-limit [io.gravitee.policy.rcl.RequestContentLimitPolicy]
07:36:15.383 [graviteeio-node] [] INFO  i.g.p.p.internal.PolicyPluginHandler - Install plugin: oauth2 [io.gravitee.policy.oauth2.Oauth2Policy]
07:36:15.395 [graviteeio-node] [] INFO  i.g.n.r.plugin.ReporterPluginHandler - Install plugin: reporter-tcp [io.gravitee.reporter.tcp.TcpReporter]
07:36:15.694 [graviteeio-node] [] INFO  i.g.p.p.internal.PolicyPluginHandler - Install plugin: policy-http-callout [io.gravitee.policy.callout.CalloutHttpPolicy]
07:36:15.701 [graviteeio-node] [] INFO  i.g.p.c.internal.PluginRegistryImpl - Plugins have been loaded and installed.
07:36:15.701 [graviteeio-node] [] INFO  i.g.g.standalone.node.GatewayNode - 	Starting component: ServiceManager
07:36:15.702 [graviteeio-node] [] INFO  i.g.common.service.AbstractService - Initializing service Plugins - Services Manager
07:36:15.717 [vert.x-eventloop-thread-2] [] INFO  i.g.c.event.impl.EventManagerImpl - Register new listener EndpointHealthcheckVerticle for event type class io.gravitee.gateway.reactor.ReactorEvent
07:36:15.720 [graviteeio-node] [] INFO  i.g.common.service.AbstractService - Initializing service Endpoints Discovery
07:36:15.729 [vert.x-eventloop-thread-3] [] INFO  i.g.c.event.impl.EventManagerImpl - Register new listener EndpointDiscoveryVerticle for event type class io.gravitee.gateway.reactor.ReactorEvent
07:36:15.730 [graviteeio-node] [] INFO  i.g.common.service.AbstractService - Initializing service Health-check service
07:36:15.730 [graviteeio-node] [] INFO  i.g.common.service.AbstractService - Initializing service Asynchronous Rate Limit proxy
07:36:15.747 [graviteeio-node] [] INFO  i.g.g.s.r.AsyncRateLimitService - Register the rate-limit service bridge for synchronous and asynchronous mode
07:36:15.766 [graviteeio-node] [] INFO  i.g.common.service.AbstractService - Initializing service Gateway Sync Service
07:36:15.766 [graviteeio-node] [] INFO  i.g.g.services.sync.SyncService - Sync service has been initialized with delay [5000MILLISECONDS]
07:36:15.766 [graviteeio-node] [] INFO  i.g.g.services.sync.SyncService - Associate a new HTTP handler on /sync
07:36:15.794 [graviteeio-node] [] INFO  i.g.common.service.AbstractService - Initializing service API keys cache
07:36:15.794 [graviteeio-node] [] INFO  i.g.g.s.s.cache.ApiKeysCacheService - Associate a new HTTP handler on /apikeys
07:36:15.796 [graviteeio-node] [] INFO  i.g.common.service.AbstractService - Initializing service Subscriptions cache repository
07:36:15.796 [graviteeio-node] [] INFO  i.g.g.s.s.c.SubscriptionsCacheService - Associate a new HTTP handler on /subscriptions
07:36:15.803 [graviteeio-node] [] INFO  i.g.common.service.AbstractService - Initializing service io.gravitee.gateway.services.sync.SyncManager
07:36:15.803 [graviteeio-node] [] INFO  i.g.common.service.AbstractService - Initializing service io.gravitee.gateway.services.sync.synchronizer.ApiSynchronizer
07:36:15.803 [graviteeio-node] [] INFO  i.g.common.service.AbstractService - Initializing service io.gravitee.gateway.services.sync.synchronizer.DictionarySynchronizer
07:36:15.803 [graviteeio-node] [] INFO  i.g.common.service.AbstractService - Initializing service io.gravitee.gateway.services.sync.synchronizer.OrganizationSynchronizer
07:36:15.803 [graviteeio-node] [] INFO  i.g.common.service.AbstractService - Initializing service io.gravitee.gateway.services.sync.synchronizer.DebugApiSynchronizer
07:36:16.024 [graviteeio-node] [] INFO  i.g.g.s.s.s.OrganizationSynchronizer - 0 organization(s) synchronized in 115ms.
07:36:16.037 [graviteeio-node] [] INFO  i.g.g.s.s.s.ApiSynchronizer - 0 apis synchronized in 13ms
07:36:16.064 [graviteeio-node] [] INFO  i.g.g.s.s.s.DictionarySynchronizer - 0 dictionary(ies) synchronized in 26ms.
07:36:16.081 [graviteeio-node] [] INFO  i.g.c.event.impl.EventManagerImpl - Register new listener ApiKeysCacheService for event type class io.gravitee.gateway.reactor.ReactorEvent
07:36:16.084 [graviteeio-node] [] INFO  i.g.c.event.impl.EventManagerImpl - Register new listener SubscriptionsCacheService for event type class io.gravitee.gateway.reactor.ReactorEvent
07:36:16.219 [graviteeio-node] [] INFO  i.g.g.s.h.i.s.StandaloneHeartbeatStrategy - Start gateway heartbeat service
07:36:16.221 [graviteeio-node] [] INFO  i.g.g.s.h.i.s.StandaloneHeartbeatStrategy - Gateway heartbeat service scheduled with fixed delay 5000 MILLISECONDS
07:36:16.223 [graviteeio-node] [] INFO  i.g.g.s.h.i.s.StandaloneHeartbeatStrategy - Start gateway heartbeat service: DONE
07:36:16.223 [graviteeio-node] [] INFO  i.g.common.service.AbstractService - Initializing service Gateway - Debug service
07:36:16.223 [graviteeio-node] [] INFO  i.g.gateway.debug.DebugService - Starting component: VertxDebugService
07:36:16.223 [graviteeio-node] [] INFO  i.g.g.debug.vertx.VertxDebugService - Starting Vertx DEBUG container and deploy only 1 Verticle
07:36:16.234 [graviteeio-node] [] INFO  i.g.gateway.debug.DebugService - Starting component: DebugReactorEventListener
07:36:16.235 [graviteeio-node] [] INFO  i.g.common.service.AbstractService - Initializing service io.gravitee.gateway.jupiter.debug.DebugReactorEventListener
07:36:16.235 [graviteeio-node] [] INFO  i.g.c.event.impl.EventManagerImpl - Register new listener DebugReactorEventListener for event type class io.gravitee.gateway.reactor.ReactorEvent
07:36:16.235 [graviteeio-node] [] INFO  i.g.g.standalone.node.GatewayNode - 	Starting component: ManagementService
07:36:16.235 [graviteeio-node] [] INFO  i.g.common.service.AbstractService - Initializing service Node Management API service
07:36:16.274 [graviteeio-node] [] INFO  i.g.g.standalone.node.GatewayNode - 	Starting component: NodeMonitoringEventHandler
07:36:16.274 [graviteeio-node] [] INFO  i.g.common.service.AbstractService - Initializing service io.gravitee.node.monitoring.handler.NodeMonitoringEventHandler
07:36:16.275 [vert.x-eventloop-thread-5] [] INFO  i.g.n.m.h.v.v.ManagementVerticle - Start HTTP listener for Node Management API
07:36:16.275 [graviteeio-node] [] INFO  i.g.g.standalone.node.GatewayNode - 	Starting component: NodeInfosService
07:36:16.276 [graviteeio-node] [] INFO  i.g.n.m.infos.NodeInfosService - Starting node infos service
07:36:16.276 [graviteeio-node] [] INFO  i.g.common.service.AbstractService - Initializing service Node Infos Service
07:36:16.294 [graviteeio-node] [] INFO  i.g.n.m.infos.NodeInfosService - Start node infos service: DONE
07:36:16.294 [graviteeio-node] [] INFO  i.g.g.standalone.node.GatewayNode - 	Starting component: NodeHealthCheckService
07:36:16.295 [graviteeio-node] [] INFO  i.g.common.service.AbstractService - Initializing service Node Health-check service
07:36:16.347 [graviteeio-node] [] INFO  i.g.n.m.h.v.e.ManagementEndpointManagerImpl - Register a new endpoint for Management API: GET /health [io.gravitee.node.monitoring.healthcheck.NodeHealthCheckManagementEndpoint]
07:36:16.398 [graviteeio-node] [] INFO  i.g.g.standalone.node.GatewayNode - 	Starting component: NodeMonitorService
07:36:16.399 [graviteeio-node] [] INFO  i.g.common.service.AbstractService - Initializing service Node Monitor Service
07:36:16.406 [graviteeio-node] [] INFO  i.g.n.m.monitor.NodeMonitorService - Node monitoring scheduled with fixed delay 5000 MILLISECONDS 
07:36:16.418 [graviteeio-node] [] INFO  i.g.n.m.h.v.e.ManagementEndpointManagerImpl - Register a new endpoint for Management API: GET /monitor [io.gravitee.node.monitoring.monitor.NodeMonitorManagementEndpoint]
07:36:16.419 [graviteeio-node] [] INFO  i.g.g.standalone.node.GatewayNode - 	Starting component: ReporterManager
07:36:16.426 [graviteeio-node] [] INFO  i.g.common.service.AbstractService - Initializing service Reporter service
07:36:16.431 [graviteeio-node] [] INFO  i.g.g.standalone.node.GatewayNode - 	Starting component: KeyStoreLoaderManager
07:36:16.431 [graviteeio-node] [] INFO  i.g.common.service.AbstractService - Initializing service io.gravitee.node.certificates.KeyStoreLoaderManager
07:36:16.431 [graviteeio-node] [] INFO  i.g.g.standalone.node.GatewayNode - 	Starting component: AlertEventProducerManager
07:36:16.431 [graviteeio-node] [] INFO  i.g.common.service.AbstractService - Initializing service Alert Engine - Event producer
07:36:16.434 [vert.x-eventloop-thread-0] [] INFO  i.g.n.r.vertx.ReporterManagerImpl - Starting reporter: io.gravitee.node.reporter.vertx.eventbus.EventBusReporterWrapper@1c055974
07:36:16.443 [graviteeio-node] [] INFO  i.g.ae.connector.ws.WsEventProducer - AlertEngine connector is enabled. Starting connector.
07:36:16.449 [vert.x-eventloop-thread-0] [] INFO  i.g.n.r.vertx.ReporterManagerImpl - Starting reporter: io.gravitee.node.reporter.vertx.eventbus.EventBusReporterWrapper@7b62f8da
07:36:16.535 [graviteeio-node] [] INFO  i.g.ae.connector.ws.HttpConnector - AlertEngine connector is disabled.
07:36:16.556 [vert.x-worker-thread-0] [] INFO  i.g.common.service.AbstractService - Initializing service io.gravitee.reporter.elasticsearch.ElasticsearchReporter
07:36:16.562 [vert.x-worker-thread-0] [] INFO  i.g.r.e.ElasticsearchReporter - Starting Elastic reporter engine...
07:36:16.676 [vert.x-eventloop-thread-5] [] INFO  i.g.n.m.h.v.e.ManagementEndpointManagerImpl - Register a new endpoint for Management API: GET / [io.gravitee.node.management.http.node.NodeEndpoint]
07:36:16.677 [vert.x-eventloop-thread-5] [] INFO  i.g.n.m.h.v.e.ManagementEndpointManagerImpl - Register a new endpoint for Management API: GET /configuration [io.gravitee.node.management.http.configuration.ConfigurationEndpoint]
07:36:16.678 [vert.x-eventloop-thread-5] [] INFO  i.g.n.m.h.v.v.ManagementVerticle - HTTP listener for Node Management bind to port TCP:18082
07:36:16.680 [graviteeio-node] [] INFO  i.g.g.standalone.node.GatewayNode - Gravitee.io - API Gateway id[7a0deaae-b0e3-4403-8dea-aeb0e3740342] version[3.20.0] pid[1] build[205135#30e3782bd2] jvm[Eclipse Adoptium/OpenJDK 64-Bit Server VM/17.0.5+8] started in 15924 ms.
07:36:16.682 [vert.x-eventloop-thread-4] [] INFO  i.g.g.d.vertx.DebugReactorVerticle - Debug HTTP listener ready to accept requests on port 8482
07:36:16.756 [RxComputationThreadPool-4] [] WARN  i.g.ae.connector.ws.WsEventProducer - An error occurred trying to send events: The connector is not yet ready
07:36:19.668 [vert.x-eventloop-thread-0] [] INFO  i.g.r.e.ElasticsearchReporter - Starting Elastic reporter engine... DONE
07:36:19.668 [vert.x-eventloop-thread-0] [] INFO  i.g.r.e.ElasticsearchReporter - Index mapping template successfully defined
07:40:47.760 [vert.x-eventloop-thread-11] [] WARN  i.g.g.r.p.notfound.NotFoundProcessor - No handler can be found for request /, returning NOT_FOUND (404)
07:40:47.807 [vert.x-eventloop-thread-10] [] WARN  i.g.g.r.p.notfound.NotFoundProcessor - No handler can be found for request /favicon.ico, returning NOT_FOUND (404)
09:38:36.087 [graviteeio-finalizer] [] INFO  i.g.g.standalone.GatewayContainer - Preparing Gravitee.io - API Gateway for shutting-down...
09:38:36.210 [graviteeio-finalizer] [] INFO  i.g.g.standalone.node.GatewayNode - Applying graceful shutdown delay 0 MILLISECONDS
09:38:36.213 [graviteeio-finalizer] [] INFO  i.g.g.standalone.node.GatewayNode - Graceful shutdown delay exhausted
09:38:36.214 [graviteeio-finalizer] [] INFO  i.g.g.standalone.GatewayContainer - Shutting-down Gravitee.io - API Gateway...
09:38:36.214 [graviteeio-finalizer] [] INFO  i.g.g.standalone.node.GatewayNode - Gravitee.io - API Gateway is stopping
09:38:36.462 [graviteeio-finalizer] [] INFO  i.g.g.standalone.node.GatewayNode - 	Stopping component: AlertEventProducerManager
09:38:36.463 [graviteeio-finalizer] [] INFO  i.g.common.service.AbstractService - Destroying service Alert Engine - Event producer
09:38:36.565 [graviteeio-finalizer] [] INFO  i.g.g.standalone.node.GatewayNode - 	Stopping component: KeyStoreLoaderManager
09:38:36.565 [graviteeio-finalizer] [] INFO  i.g.common.service.AbstractService - Destroying service io.gravitee.node.certificates.KeyStoreLoaderManager
09:38:36.565 [graviteeio-finalizer] [] INFO  i.g.g.standalone.node.GatewayNode - 	Stopping component: ReporterManager
09:38:36.566 [graviteeio-finalizer] [] INFO  i.g.common.service.AbstractService - Destroying service Reporter service
09:38:36.577 [graviteeio-finalizer] [] INFO  i.g.g.standalone.node.GatewayNode - 	Stopping component: NodeMonitorService
09:38:36.578 [graviteeio-finalizer] [] INFO  i.g.n.m.monitor.NodeMonitorService - Stop node monitor
09:38:36.579 [graviteeio-finalizer] [] INFO  i.g.common.service.AbstractService - Destroying service Node Monitor Service
09:38:36.579 [graviteeio-finalizer] [] INFO  i.g.n.m.monitor.NodeMonitorService - Stop node monitor : DONE
09:38:36.580 [graviteeio-finalizer] [] INFO  i.g.g.standalone.node.GatewayNode - 	Stopping component: NodeHealthCheckService
09:38:36.580 [graviteeio-finalizer] [] INFO  i.g.common.service.AbstractService - Destroying service Node Health-check service
09:38:36.581 [graviteeio-finalizer] [] INFO  i.g.g.standalone.node.GatewayNode - 	Stopping component: NodeInfosService
09:38:36.581 [graviteeio-finalizer] [] INFO  i.g.n.m.infos.NodeInfosService - Stopping node infos service
09:38:36.581 [graviteeio-finalizer] [] INFO  i.g.common.service.AbstractService - Destroying service Node Infos Service
09:38:36.581 [graviteeio-finalizer] [] INFO  i.g.n.m.infos.NodeInfosService - Stop node infos service : DONE
09:38:36.581 [graviteeio-finalizer] [] INFO  i.g.g.standalone.node.GatewayNode - 	Stopping component: NodeMonitoringEventHandler
09:38:36.581 [graviteeio-finalizer] [] INFO  i.g.common.service.AbstractService - Destroying service io.gravitee.node.monitoring.handler.NodeMonitoringEventHandler
09:38:36.581 [graviteeio-finalizer] [] INFO  i.g.g.standalone.node.GatewayNode - 	Stopping component: ManagementService
09:38:36.581 [graviteeio-finalizer] [] INFO  i.g.common.service.AbstractService - Destroying service Node Management API service
09:38:36.581 [graviteeio-finalizer] [] INFO  i.g.g.standalone.node.GatewayNode - 	Stopping component: ServiceManager
09:38:36.582 [graviteeio-finalizer] [] INFO  i.g.common.service.AbstractService - Destroying service Plugins - Services Manager
09:38:36.638 [vert.x-eventloop-thread-5] [] INFO  i.g.n.m.h.v.v.ManagementVerticle - Stopping Management API...
09:38:36.644 [vert.x-eventloop-thread-8] [] INFO  i.g.n.r.vertx.ReporterManagerImpl - Stopping reporter: io.gravitee.node.reporter.vertx.eventbus.EventBusReporterWrapper@1c055974
09:38:36.644 [vert.x-eventloop-thread-8] [] INFO  i.g.common.service.AbstractService - Destroying service io.gravitee.reporter.elasticsearch.ElasticsearchReporter
09:38:36.644 [vert.x-eventloop-thread-8] [] INFO  i.g.r.e.ElasticsearchReporter - Stopping Elastic reporter engine... DONE
09:38:36.644 [vert.x-eventloop-thread-8] [] INFO  i.g.n.r.vertx.ReporterManagerImpl - Stopping reporter: io.gravitee.node.reporter.vertx.eventbus.EventBusReporterWrapper@7b62f8da
09:38:36.654 [vert.x-eventloop-thread-5] [] INFO  i.g.n.m.h.v.v.ManagementVerticle - HTTP Server has been correctly stopped
09:38:36.700 [graviteeio-finalizer] [] INFO  i.g.common.service.AbstractService - Destroying service Asynchronous Rate Limit proxy
09:38:36.703 [graviteeio-finalizer] [] INFO  i.g.common.service.AbstractService - Destroying service io.gravitee.gateway.services.sync.synchronizer.ApiSynchronizer
09:38:36.703 [graviteeio-finalizer] [] INFO  i.g.common.service.AbstractService - Destroying service io.gravitee.gateway.services.sync.synchronizer.DictionarySynchronizer
09:38:36.703 [graviteeio-finalizer] [] INFO  i.g.common.service.AbstractService - Destroying service io.gravitee.gateway.services.sync.synchronizer.OrganizationSynchronizer
09:38:36.703 [graviteeio-finalizer] [] INFO  i.g.common.service.AbstractService - Destroying service io.gravitee.gateway.services.sync.synchronizer.DebugApiSynchronizer
09:38:36.706 [graviteeio-finalizer] [] INFO  i.g.common.service.AbstractService - Destroying service io.gravitee.gateway.services.sync.SyncManager
09:38:36.707 [graviteeio-finalizer] [] INFO  i.g.common.service.AbstractService - Destroying service API keys cache
09:38:36.709 [graviteeio-finalizer] [] INFO  i.g.common.service.AbstractService - Destroying service Subscriptions cache repository
09:38:36.709 [graviteeio-finalizer] [] INFO  i.g.common.service.AbstractService - Destroying service Gateway Sync Service
09:38:36.710 [graviteeio-finalizer] [] INFO  i.g.common.service.AbstractService - Destroying service Gateway - Repository Bridge HTTP Server
09:38:36.714 [graviteeio-finalizer] [] INFO  i.g.g.s.h.i.s.StandaloneHeartbeatStrategy - Stop gateway heartbeat service
09:38:36.715 [graviteeio-finalizer] [] INFO  i.g.g.s.h.i.s.StandaloneHeartbeatStrategy - Stop gateway heartbeat service: DONE
09:38:36.715 [vert.x-eventloop-thread-8] [] INFO  i.g.r.bridge.server.BridgeService - HTTP server for bridge has been stopped
09:38:36.716 [graviteeio-finalizer] [] INFO  i.g.common.service.AbstractService - Destroying service Gateway - Debug service
09:38:36.716 [graviteeio-finalizer] [] INFO  i.g.gateway.debug.DebugService - Gateway - Debug service is stopping
09:38:36.718 [graviteeio-finalizer] [] INFO  i.g.gateway.debug.DebugService - Stopping component: DebugReactorEventListener
09:38:36.719 [graviteeio-finalizer] [] INFO  i.g.common.service.AbstractService - Destroying service io.gravitee.gateway.jupiter.debug.DebugReactorEventListener
09:38:36.720 [graviteeio-finalizer] [] INFO  i.g.gateway.debug.DebugService - Gateway - Debug service stopped
09:38:36.721 [graviteeio-finalizer] [] INFO  i.g.common.service.AbstractService - Destroying service Endpoints Discovery
09:38:36.722 [graviteeio-finalizer] [] INFO  i.g.common.service.AbstractService - Destroying service Health-check service
09:38:36.722 [graviteeio-finalizer] [] INFO  i.g.g.standalone.node.GatewayNode - 	Stopping component: PluginRegistry
09:38:36.722 [graviteeio-finalizer] [] INFO  i.g.common.service.AbstractService - Destroying service io.gravitee.plugin.core.internal.PluginRegistryImpl
09:38:36.722 [graviteeio-finalizer] [] INFO  i.g.g.standalone.node.GatewayNode - 	Stopping component: PluginEventListener
09:38:36.722 [graviteeio-finalizer] [] INFO  i.g.common.service.AbstractService - Destroying service io.gravitee.plugin.core.internal.PluginEventListener
09:38:36.722 [graviteeio-finalizer] [] INFO  i.g.g.standalone.node.GatewayNode - 	Stopping component: LicenseService
09:38:36.723 [graviteeio-finalizer] [] INFO  i.g.common.service.AbstractService - Destroying service License service
09:38:36.724 [graviteeio-finalizer] [] INFO  i.g.g.standalone.node.GatewayNode - 	Stopping component: ClusterService
09:38:36.725 [graviteeio-finalizer] [] INFO  i.g.g.standalone.node.GatewayNode - 	Stopping component: SubscriptionDispatcher
09:38:36.725 [graviteeio-finalizer] [] INFO  i.g.g.standalone.node.GatewayNode - 	Stopping component: VertxEmbeddedContainer
09:38:36.727 [graviteeio-finalizer] [] INFO  i.g.g.standalone.node.GatewayNode - 	Stopping component: ReactorEventListener
09:38:36.727 [graviteeio-finalizer] [] INFO  i.g.common.service.AbstractService - Destroying service io.gravitee.gateway.reactor.handler.ReactorEventListener
09:38:36.727 [graviteeio-finalizer] [] INFO  i.g.g.standalone.node.GatewayNode - 	Stopping component: NodeMonitoringReporterService
09:38:36.727 [graviteeio-finalizer] [] INFO  i.g.common.service.AbstractService - Destroying service Node Monitoring service
09:38:36.727 [graviteeio-finalizer] [] INFO  i.g.g.standalone.node.GatewayNode - Gravitee.io - API Gateway stopped
09:38:36.728 [vert.x-eventloop-thread-2] [] INFO  i.g.g.s.vertx.ReactorVerticle - Stopping HTTP Server...
09:38:36.728 [vert.x-eventloop-thread-1] [] INFO  i.g.g.s.vertx.ReactorVerticle - Stopping HTTP Server...
09:38:36.728 [vert.x-eventloop-thread-7] [] INFO  i.g.g.s.vertx.ReactorVerticle - Stopping HTTP Server...
09:38:36.728 [vert.x-eventloop-thread-9] [] INFO  i.g.g.s.vertx.ReactorVerticle - Stopping HTTP Server...
09:38:36.728 [vert.x-eventloop-thread-3] [] INFO  i.g.g.s.vertx.ReactorVerticle - Stopping HTTP Server...
09:38:36.730 [vert.x-eventloop-thread-11] [] INFO  i.g.g.s.vertx.ReactorVerticle - Stopping HTTP Server...
09:38:36.730 [vert.x-eventloop-thread-2] [] INFO  i.g.g.s.vertx.ReactorVerticle - HTTP Server has been correctly stopped
09:38:36.730 [vert.x-eventloop-thread-11] [] INFO  i.g.g.s.vertx.ReactorVerticle - HTTP Server has been correctly stopped
09:38:36.728 [vert.x-eventloop-thread-4] [] INFO  i.g.g.s.vertx.ReactorVerticle - Stopping HTTP Server...
09:38:36.730 [vert.x-eventloop-thread-4] [] INFO  i.g.g.s.vertx.ReactorVerticle - HTTP Server has been correctly stopped
09:38:36.730 [vert.x-eventloop-thread-1] [] INFO  i.g.g.s.vertx.ReactorVerticle - HTTP Server has been correctly stopped
09:38:36.730 [vert.x-eventloop-thread-3] [] INFO  i.g.g.s.vertx.ReactorVerticle - HTTP Server has been correctly stopped
09:38:36.730 [vert.x-eventloop-thread-10] [] INFO  i.g.g.s.vertx.ReactorVerticle - Stopping HTTP Server...
09:38:36.730 [vert.x-eventloop-thread-10] [] INFO  i.g.g.s.vertx.ReactorVerticle - HTTP Server has been correctly stopped
09:38:36.730 [vert.x-eventloop-thread-5] [] INFO  i.g.g.s.vertx.ReactorVerticle - Stopping HTTP Server...
09:38:36.730 [vert.x-eventloop-thread-5] [] INFO  i.g.g.s.vertx.ReactorVerticle - HTTP Server has been correctly stopped
09:38:36.730 [vert.x-eventloop-thread-12] [] INFO  i.g.g.s.vertx.ReactorVerticle - Stopping HTTP Server...
09:38:36.730 [vert.x-eventloop-thread-12] [] INFO  i.g.g.s.vertx.ReactorVerticle - HTTP Server has been correctly stopped
09:38:36.730 [vert.x-eventloop-thread-13] [] INFO  i.g.g.s.vertx.ReactorVerticle - Stopping HTTP Server...
09:38:36.731 [vert.x-eventloop-thread-13] [] INFO  i.g.g.s.vertx.ReactorVerticle - HTTP Server has been correctly stopped
09:38:36.731 [vert.x-eventloop-thread-0] [] INFO  i.g.g.s.vertx.ReactorVerticle - Stopping HTTP Server...
09:38:36.731 [vert.x-eventloop-thread-0] [] INFO  i.g.g.s.vertx.ReactorVerticle - HTTP Server has been correctly stopped
09:38:36.731 [vert.x-eventloop-thread-8] [] INFO  i.g.g.s.vertx.ReactorVerticle - Stopping HTTP Server...
09:38:36.731 [vert.x-eventloop-thread-8] [] INFO  i.g.g.s.vertx.ReactorVerticle - HTTP Server has been correctly stopped
09:38:36.731 [vert.x-eventloop-thread-15] [] INFO  i.g.g.s.vertx.ReactorVerticle - Stopping HTTP Server...
09:38:36.731 [vert.x-eventloop-thread-15] [] INFO  i.g.g.s.vertx.ReactorVerticle - HTTP Server has been correctly stopped
09:38:36.731 [vert.x-eventloop-thread-6] [] INFO  i.g.g.s.vertx.ReactorVerticle - Stopping HTTP Server...
09:38:36.731 [vert.x-eventloop-thread-6] [] INFO  i.g.g.s.vertx.ReactorVerticle - HTTP Server has been correctly stopped
09:38:36.731 [vert.x-eventloop-thread-14] [] INFO  i.g.g.s.vertx.ReactorVerticle - Stopping HTTP Server...
09:38:36.731 [vert.x-eventloop-thread-14] [] INFO  i.g.g.s.vertx.ReactorVerticle - HTTP Server has been correctly stopped
09:38:36.732 [vert.x-eventloop-thread-9] [] INFO  i.g.g.s.vertx.ReactorVerticle - HTTP Server has been correctly stopped
09:38:36.733 [vert.x-eventloop-thread-7] [] INFO  i.g.g.s.vertx.ReactorVerticle - HTTP Server has been correctly stopped
