16:25:42.305 [graviteeio-node] INFO  i.g.n.c.s.e.PropertiesConfiguration - Loading Gravitee configuration.
16:25:42.329 [graviteeio-node] INFO  i.g.n.c.s.e.PropertiesConfiguration - 	Gravitee configuration loaded from /opt/graviteeio-management-api/config/gravitee.yml
16:25:42.502 [graviteeio-node] INFO  i.g.n.c.s.e.PropertiesConfiguration - Loading Gravitee configuration. DONE
16:25:42.548 [graviteeio-node] INFO  i.g.p.c.s.PluginHandlerBeanFactoryPostProcessor - Loading plugin handlers
16:25:42.564 [graviteeio-node] INFO  i.g.p.c.s.PluginHandlerBeanFactoryPostProcessor - Find 16 plugin handler(s):
16:25:42.567 [graviteeio-node] INFO  i.g.p.c.s.PluginHandlerBeanFactoryPostProcessor - 	io.gravitee.plugin.discovery.internal.ServiceDiscoveryPluginHandler
16:25:42.570 [graviteeio-node] INFO  i.g.p.c.s.PluginHandlerBeanFactoryPostProcessor - 	io.gravitee.plugin.policy.internal.PolicyPluginHandler
16:25:42.575 [graviteeio-node] INFO  i.g.p.c.s.PluginHandlerBeanFactoryPostProcessor - 	io.gravitee.node.tracing.plugin.TracingPluginHandler
16:25:42.577 [graviteeio-node] INFO  i.g.p.c.s.PluginHandlerBeanFactoryPostProcessor - 	io.gravitee.node.plugins.service.handler.ServicePluginHandler
16:25:42.581 [graviteeio-node] INFO  i.g.p.c.s.PluginHandlerBeanFactoryPostProcessor - 	io.gravitee.plugin.notifier.internal.NotifierPluginHandler
16:25:42.583 [graviteeio-node] INFO  i.g.p.c.s.PluginHandlerBeanFactoryPostProcessor - 	io.gravitee.plugin.endpoint.internal.EndpointConnectorPluginHandler
16:25:42.586 [graviteeio-node] INFO  i.g.p.c.s.PluginHandlerBeanFactoryPostProcessor - 	io.gravitee.plugin.repository.internal.RepositoryPluginHandler
16:25:42.588 [graviteeio-node] INFO  i.g.p.c.s.PluginHandlerBeanFactoryPostProcessor - 	io.gravitee.plugin.cockpit.CockpitPluginHandler
16:25:42.592 [graviteeio-node] INFO  i.g.p.c.s.PluginHandlerBeanFactoryPostProcessor - 	io.gravitee.node.reporter.plugin.ReporterPluginHandler
16:25:42.593 [graviteeio-node] INFO  i.g.p.c.s.PluginHandlerBeanFactoryPostProcessor - 	io.gravitee.rest.api.idp.core.plugin.IdentityProviderPluginHandler
16:25:42.596 [graviteeio-node] INFO  i.g.p.c.s.PluginHandlerBeanFactoryPostProcessor - 	io.gravitee.plugin.entrypoint.internal.EntrypointConnectorPluginHandler
16:25:42.598 [graviteeio-node] INFO  i.g.p.c.s.PluginHandlerBeanFactoryPostProcessor - 	io.gravitee.rest.api.service.impl.swagger.policy.PolicyPluginHandler
16:25:42.600 [graviteeio-node] INFO  i.g.p.c.s.PluginHandlerBeanFactoryPostProcessor - 	io.gravitee.plugin.fetcher.internal.FetcherPluginHandler
16:25:42.603 [graviteeio-node] INFO  i.g.p.c.s.PluginHandlerBeanFactoryPostProcessor - 	io.gravitee.plugin.connector.internal.ConnectorPluginHandler
16:25:42.605 [graviteeio-node] INFO  i.g.p.c.s.PluginHandlerBeanFactoryPostProcessor - 	io.gravitee.plugin.alert.internal.AlertPluginHandler
16:25:42.608 [graviteeio-node] INFO  i.g.p.c.s.PluginHandlerBeanFactoryPostProcessor - 	io.gravitee.plugin.resource.internal.ResourcePluginHandler
16:25:44.564 [graviteeio-node] INFO  i.g.c.event.impl.EventManagerImpl - Register new listener GraviteeJavaMailManager for event type class io.gravitee.rest.api.model.parameters.Key
16:25:47.109 [graviteeio-node] INFO  i.g.node.tracing.TracingService - Tracing support is enabled with tracer: name[null]
16:25:48.026 [graviteeio-node] WARN  i.gravitee.common.util.DataEncryptor - 
16:25:48.026 [graviteeio-node] WARN  i.gravitee.common.util.DataEncryptor - ##############################################################
16:25:48.027 [graviteeio-node] WARN  i.gravitee.common.util.DataEncryptor - #                      SECURITY WARNING                      #
16:25:48.028 [graviteeio-node] WARN  i.gravitee.common.util.DataEncryptor - ##############################################################
16:25:48.029 [graviteeio-node] WARN  i.gravitee.common.util.DataEncryptor - 
16:25:48.040 [graviteeio-node] WARN  i.gravitee.common.util.DataEncryptor - You still use the default secret.
16:25:48.041 [graviteeio-node] WARN  i.gravitee.common.util.DataEncryptor - This known secret can be used to access protected information.
16:25:48.042 [graviteeio-node] WARN  i.gravitee.common.util.DataEncryptor - Please customize the 'api.properties.encryption.secret' parameter value, or ask your administrator to do it.
16:25:48.042 [graviteeio-node] WARN  i.gravitee.common.util.DataEncryptor - 
16:25:48.043 [graviteeio-node] WARN  i.gravitee.common.util.DataEncryptor - ##############################################################
16:25:48.045 [graviteeio-node] WARN  i.gravitee.common.util.DataEncryptor - 
16:25:48.560 [graviteeio-node] INFO  i.g.c.event.impl.EventManagerImpl - Register new listener ApplicationAlertEventListener for event type class io.gravitee.rest.api.model.alert.ApplicationAlertEventType
16:25:49.227 [graviteeio-node] INFO  i.g.p.r.i.RepositoryPluginHandler - Loading repository for scope MANAGEMENT: mongodb
16:25:49.228 [graviteeio-node] INFO  i.g.p.r.i.RepositoryPluginHandler - Loading repository for scope ANALYTICS: elasticsearch
16:25:50.060 [graviteeio-node] INFO  i.g.r.a.s.a.i.AuthenticationProviderManagerImpl - Loading authentication providers
16:25:50.148 [graviteeio-node] INFO  org.eclipse.jetty.util.log - Logging initialized @11243ms to org.eclipse.jetty.util.log.Slf4jLog
16:25:50.364 [graviteeio-node] INFO  i.g.node.container.AbstractContainer - Starting Gravitee.io - Rest APIs...
16:25:50.365 [graviteeio-node] INFO  i.g.r.a.s.node.GraviteeApisNode - Gravitee.io - Rest APIs is now starting...
16:25:50.369 [graviteeio-node] INFO  i.g.r.a.s.node.GraviteeApisNode - 	Starting component: LicenseService
16:25:50.370 [graviteeio-node] INFO  i.g.common.service.AbstractService - Initializing service License service
16:25:50.371 [graviteeio-node] INFO  i.g.node.license.LicenseService - No license file found. Some plugins may be disabled
16:25:50.383 [graviteeio-node] INFO  i.g.n.m.h.v.e.ManagementEndpointManagerImpl - Register a new endpoint for Management API: GET /license [io.gravitee.node.license.management.NodeLicenseManagementEndpoint]
16:25:50.415 [graviteeio-node] INFO  i.g.r.a.s.node.GraviteeApisNode - 	Starting component: PluginEventListener
16:25:50.416 [graviteeio-node] INFO  i.g.common.service.AbstractService - Initializing service io.gravitee.plugin.core.internal.PluginEventListener
16:25:50.417 [graviteeio-node] INFO  i.g.c.event.impl.EventManagerImpl - Register new listener PluginEventListener for event type class io.gravitee.plugin.core.api.PluginEvent
16:25:50.418 [graviteeio-node] INFO  i.g.r.a.s.node.GraviteeApisNode - 	Starting component: PluginRegistry
16:25:50.419 [graviteeio-node] INFO  i.g.common.service.AbstractService - Initializing service io.gravitee.plugin.core.internal.PluginRegistryImpl
16:25:50.419 [graviteeio-node] INFO  i.g.p.c.internal.PluginRegistryImpl - Initializing plugin registry.
16:25:50.420 [graviteeio-node] INFO  i.g.p.c.internal.PluginRegistryImpl - Loading plugins from /opt/graviteeio-management-api/plugins
16:25:51.268 [graviteeio-node] INFO  i.g.p.c.internal.PluginRegistryImpl - Loading plugins from /opt/graviteeio-management-api/plugins-ext
16:25:51.276 [graviteeio-node] WARN  i.g.p.c.internal.PluginRegistryImpl - No plugin has been found in /opt/graviteeio-management-api/plugins-ext
16:25:51.279 [graviteeio-node] INFO  i.g.p.c.internal.PluginRegistryImpl - List of available service: 
16:25:51.281 [graviteeio-node] INFO  i.g.p.c.internal.PluginRegistryImpl - 	> subscription-expiration-notifier [3.20.0] has been loaded
16:25:51.282 [graviteeio-node] INFO  i.g.p.c.internal.PluginRegistryImpl - 	> mgmt-service-dynamicproperties [3.20.0] has been loaded
16:25:51.283 [graviteeio-node] INFO  i.g.p.c.internal.PluginRegistryImpl - 	> mgmt-service-sync [3.20.0] has been loaded
16:25:51.284 [graviteeio-node] INFO  i.g.p.c.internal.PluginRegistryImpl - 	> service-bridge-http-server [3.20.0] has been loaded
16:25:51.285 [graviteeio-node] INFO  i.g.p.c.internal.PluginRegistryImpl - 	> search-indexer [3.20.0] has been loaded
16:25:51.286 [graviteeio-node] INFO  i.g.p.c.internal.PluginRegistryImpl - 	> subscriptions-refresher [3.20.0] has been loaded
16:25:51.286 [graviteeio-node] INFO  i.g.p.c.internal.PluginRegistryImpl - 	> mgmt-service-dictionary [3.20.0] has been loaded
16:25:51.290 [graviteeio-node] INFO  i.g.p.c.internal.PluginRegistryImpl - 	> auto-fetch [3.20.0] has been loaded
16:25:51.292 [graviteeio-node] INFO  i.g.p.c.internal.PluginRegistryImpl - List of available identity_provider: 
16:25:51.293 [graviteeio-node] INFO  i.g.p.c.internal.PluginRegistryImpl - 	> gravitee-idp [3.20.0] has been loaded
16:25:51.293 [graviteeio-node] INFO  i.g.p.c.internal.PluginRegistryImpl - 	> inmemory-idp [3.20.0] has been loaded
16:25:51.294 [graviteeio-node] INFO  i.g.p.c.internal.PluginRegistryImpl - 	> ldap-idp [3.20.0] has been loaded
16:25:51.294 [graviteeio-node] INFO  i.g.p.c.internal.PluginRegistryImpl - List of available policy: 
16:25:51.295 [graviteeio-node] INFO  i.g.p.c.internal.PluginRegistryImpl - 	> mock [1.13.0] has been loaded
16:25:51.296 [graviteeio-node] INFO  i.g.p.c.internal.PluginRegistryImpl - 	> spike-arrest [2.0.0] has been loaded
16:25:51.297 [graviteeio-node] INFO  i.g.p.c.internal.PluginRegistryImpl - 	> latency [1.4.0] has been loaded
16:25:51.297 [graviteeio-node] INFO  i.g.p.c.internal.PluginRegistryImpl - 	> api-key [3.0.0] has been loaded
16:25:51.298 [graviteeio-node] INFO  i.g.p.c.internal.PluginRegistryImpl - 	> json-xml [2.0.0] has been loaded
16:25:51.298 [graviteeio-node] INFO  i.g.p.c.internal.PluginRegistryImpl - 	> policy-http-callout [2.0.1] has been loaded
16:25:51.298 [graviteeio-node] INFO  i.g.p.c.internal.PluginRegistryImpl - 	> policy-assign-content [1.7.0] has been loaded
16:25:51.299 [graviteeio-node] INFO  i.g.p.c.internal.PluginRegistryImpl - 	> json-threat-protection [1.3.3] has been loaded
16:25:51.299 [graviteeio-node] INFO  i.g.p.c.internal.PluginRegistryImpl - 	> dynamic-routing [1.11.1] has been loaded
16:25:51.300 [graviteeio-node] INFO  i.g.p.c.internal.PluginRegistryImpl - 	> rest-to-soap [1.13.0] has been loaded
16:25:51.300 [graviteeio-node] INFO  i.g.p.c.internal.PluginRegistryImpl - 	> traffic-shadowing [1.1.0] has been loaded
16:25:51.300 [graviteeio-node] INFO  i.g.p.c.internal.PluginRegistryImpl - 	> http-signature [1.5.0] has been loaded
16:25:51.301 [graviteeio-node] INFO  i.g.p.c.internal.PluginRegistryImpl - 	> jwt [3.0.0] has been loaded
16:25:51.301 [graviteeio-node] INFO  i.g.p.c.internal.PluginRegistryImpl - 	> xml-validation [1.1.0] has been loaded
16:25:51.302 [graviteeio-node] INFO  i.g.p.c.internal.PluginRegistryImpl - 	> url-rewriting [1.5.0] has been loaded
16:25:51.302 [graviteeio-node] INFO  i.g.p.c.internal.PluginRegistryImpl - 	> metrics-reporter [2.0.0] has been loaded
16:25:51.302 [graviteeio-node] INFO  i.g.p.c.internal.PluginRegistryImpl - 	> retry [2.1.0] has been loaded
16:25:51.303 [graviteeio-node] INFO  i.g.p.c.internal.PluginRegistryImpl - 	> policy-openid-userinfo [1.5.2] has been loaded
16:25:51.303 [graviteeio-node] INFO  i.g.p.c.internal.PluginRegistryImpl - 	> regex-threat-protection [1.3.2] has been loaded
16:25:51.304 [graviteeio-node] INFO  i.g.p.c.internal.PluginRegistryImpl - 	> ssl-enforcement [1.2.1] has been loaded
16:25:51.304 [graviteeio-node] INFO  i.g.p.c.internal.PluginRegistryImpl - 	> transform-headers [1.10.0] has been loaded
16:25:51.304 [graviteeio-node] INFO  i.g.p.c.internal.PluginRegistryImpl - 	> policy-generate-jwt [1.5.0] has been loaded
16:25:51.305 [graviteeio-node] INFO  i.g.p.c.internal.PluginRegistryImpl - 	> policy-request-validation [1.13.0] has been loaded
16:25:51.305 [graviteeio-node] INFO  i.g.p.c.internal.PluginRegistryImpl - 	> cache [1.15.2] has been loaded
16:25:51.306 [graviteeio-node] INFO  i.g.p.c.internal.PluginRegistryImpl - 	> generate-http-signature [1.1.0] has been loaded
16:25:51.306 [graviteeio-node] INFO  i.g.p.c.internal.PluginRegistryImpl - 	> rate-limit [2.0.0] has been loaded
16:25:51.307 [graviteeio-node] INFO  i.g.p.c.internal.PluginRegistryImpl - 	> xml-json [1.8.1] has been loaded
16:25:51.308 [graviteeio-node] INFO  i.g.p.c.internal.PluginRegistryImpl - 	> request-content-limit [1.8.0] has been loaded
16:25:51.318 [graviteeio-node] INFO  i.g.p.c.internal.PluginRegistryImpl - 	> rbac [1.1.0] has been loaded
16:25:51.330 [graviteeio-node] INFO  i.g.p.c.internal.PluginRegistryImpl - 	> policy-override-request-method [1.3.0] has been loaded
16:25:51.331 [graviteeio-node] INFO  i.g.p.c.internal.PluginRegistryImpl - 	> key-less [2.0.0] has been loaded
16:25:51.337 [graviteeio-node] INFO  i.g.p.c.internal.PluginRegistryImpl - 	> transform-queryparams [1.6.0] has been loaded
16:25:51.345 [graviteeio-node] INFO  i.g.p.c.internal.PluginRegistryImpl - 	> json-to-json [1.7.1] has been loaded
16:25:51.347 [graviteeio-node] INFO  i.g.p.c.internal.PluginRegistryImpl - 	> message-filtering [1.0.0] has been loaded
16:25:51.350 [graviteeio-node] INFO  i.g.p.c.internal.PluginRegistryImpl - 	> jws [1.3.2] has been loaded
16:25:51.353 [graviteeio-node] INFO  i.g.p.c.internal.PluginRegistryImpl - 	> policy-assign-attributes [1.5.0] has been loaded
16:25:51.356 [graviteeio-node] INFO  i.g.p.c.internal.PluginRegistryImpl - 	> resource-filtering [1.8.0] has been loaded
16:25:51.358 [graviteeio-node] INFO  i.g.p.c.internal.PluginRegistryImpl - 	> quota [2.0.0] has been loaded
16:25:51.359 [graviteeio-node] INFO  i.g.p.c.internal.PluginRegistryImpl - 	> xml-threat-protection [1.3.2] has been loaded
16:25:51.359 [graviteeio-node] INFO  i.g.p.c.internal.PluginRegistryImpl - 	> html-json [1.6.0] has been loaded
16:25:51.359 [graviteeio-node] INFO  i.g.p.c.internal.PluginRegistryImpl - 	> oauth2 [2.0.0] has been loaded
16:25:51.359 [graviteeio-node] INFO  i.g.p.c.internal.PluginRegistryImpl - 	> ip-filtering [1.9.0] has been loaded
16:25:51.359 [graviteeio-node] INFO  i.g.p.c.internal.PluginRegistryImpl - 	> groovy [2.2.2] has been loaded
16:25:51.360 [graviteeio-node] INFO  i.g.p.c.internal.PluginRegistryImpl - 	> json-validation [1.6.1] has been loaded
16:25:51.360 [graviteeio-node] INFO  i.g.p.c.internal.PluginRegistryImpl - 	> xslt [2.0.0] has been loaded
16:25:51.361 [graviteeio-node] INFO  i.g.p.c.internal.PluginRegistryImpl - List of available endpoint-connector: 
16:25:51.362 [graviteeio-node] INFO  i.g.p.c.internal.PluginRegistryImpl - 	> mock [3.20.0] has been loaded
16:25:51.362 [graviteeio-node] INFO  i.g.p.c.internal.PluginRegistryImpl - 	> http-proxy [3.20.0] has been loaded
16:25:51.362 [graviteeio-node] INFO  i.g.p.c.internal.PluginRegistryImpl - 	> mqtt5 [3.20.0] has been loaded
16:25:51.363 [graviteeio-node] INFO  i.g.p.c.internal.PluginRegistryImpl - 	> kafka [3.20.0] has been loaded
16:25:51.363 [graviteeio-node] INFO  i.g.p.c.internal.PluginRegistryImpl - List of available entrypoint-connector: 
16:25:51.363 [graviteeio-node] INFO  i.g.p.c.internal.PluginRegistryImpl - 	> http-proxy [3.20.0] has been loaded
16:25:51.364 [graviteeio-node] INFO  i.g.p.c.internal.PluginRegistryImpl - 	> webhook [3.20.0] has been loaded
16:25:51.364 [graviteeio-node] INFO  i.g.p.c.internal.PluginRegistryImpl - 	> http-get [3.20.0] has been loaded
16:25:51.371 [graviteeio-node] INFO  i.g.p.c.internal.PluginRegistryImpl - 	> websocket [3.20.0] has been loaded
16:25:51.373 [graviteeio-node] INFO  i.g.p.c.internal.PluginRegistryImpl - 	> http-post [3.20.0] has been loaded
16:25:51.374 [graviteeio-node] INFO  i.g.p.c.internal.PluginRegistryImpl - 	> sse [3.20.0] has been loaded
16:25:51.374 [graviteeio-node] INFO  i.g.p.c.internal.PluginRegistryImpl - List of available resource: 
16:25:51.376 [graviteeio-node] INFO  i.g.p.c.internal.PluginRegistryImpl - 	> oauth2-am-resource [2.0.0] has been loaded
16:25:51.377 [graviteeio-node] INFO  i.g.p.c.internal.PluginRegistryImpl - 	> cache [1.9.0] has been loaded
16:25:51.395 [graviteeio-node] INFO  i.g.p.c.internal.PluginRegistryImpl - 	> oauth2 [2.0.0] has been loaded
16:25:51.397 [graviteeio-node] INFO  i.g.p.c.internal.PluginRegistryImpl - List of available cockpit: 
16:25:51.398 [graviteeio-node] INFO  i.g.p.c.internal.PluginRegistryImpl - 	> cockpit-connectors-ws [3.0.0] has been loaded
16:25:51.399 [graviteeio-node] INFO  i.g.p.c.internal.PluginRegistryImpl - List of available connector: 
16:25:51.400 [graviteeio-node] INFO  i.g.p.c.internal.PluginRegistryImpl - 	> connector-http [2.0.10] has been loaded
16:25:51.401 [graviteeio-node] INFO  i.g.p.c.internal.PluginRegistryImpl - List of available service_discovery: 
16:25:51.402 [graviteeio-node] INFO  i.g.p.c.internal.PluginRegistryImpl - 	> consul-service-discovery [1.3.0] has been loaded
16:25:51.403 [graviteeio-node] INFO  i.g.p.c.internal.PluginRegistryImpl - List of available alert: 
16:25:51.403 [graviteeio-node] INFO  i.g.p.c.internal.PluginRegistryImpl - 	> alert-engine-connector-ws [2.0.0] has been loaded
16:25:51.405 [graviteeio-node] INFO  i.g.p.c.internal.PluginRegistryImpl - List of available notifier: 
16:25:51.406 [graviteeio-node] INFO  i.g.p.c.internal.PluginRegistryImpl - 	> email-notifier [1.4.1] has been loaded
16:25:51.408 [graviteeio-node] INFO  i.g.p.c.internal.PluginRegistryImpl - 	> slack-notifier [1.3.0] has been loaded
16:25:51.409 [graviteeio-node] INFO  i.g.p.c.internal.PluginRegistryImpl - 	> webhook-notifier [1.1.0] has been loaded
16:25:51.409 [graviteeio-node] INFO  i.g.p.c.internal.PluginRegistryImpl - List of available fetcher: 
16:25:51.410 [graviteeio-node] INFO  i.g.p.c.internal.PluginRegistryImpl - 	> http-fetcher [1.12.0] has been loaded
16:25:51.412 [graviteeio-node] INFO  i.g.p.c.internal.PluginRegistryImpl - 	> bitbucket-fetcher [1.7.0] has been loaded
16:25:51.413 [graviteeio-node] INFO  i.g.p.c.internal.PluginRegistryImpl - 	> git-fetcher [1.8.1] has been loaded
16:25:51.413 [graviteeio-node] INFO  i.g.p.c.internal.PluginRegistryImpl - 	> github-fetcher [1.6.0] has been loaded
16:25:51.414 [graviteeio-node] INFO  i.g.p.c.internal.PluginRegistryImpl - 	> gitlab-fetcher [1.11.0] has been loaded
16:25:51.414 [graviteeio-node] INFO  i.g.p.c.internal.PluginRegistryImpl - List of available repository: 
16:25:51.414 [graviteeio-node] INFO  i.g.p.c.internal.PluginRegistryImpl - 	> repository-elasticsearch [3.20.0] has been loaded
16:25:51.415 [graviteeio-node] INFO  i.g.p.c.internal.PluginRegistryImpl - 	> repository-jdbc [3.20.0] has been loaded
16:25:51.415 [graviteeio-node] INFO  i.g.p.c.internal.PluginRegistryImpl - 	> repository-mongodb [3.20.0] has been loaded
16:25:51.416 [graviteeio-node] INFO  i.g.p.c.internal.PluginEventListener - All plugins have been loaded. Installing...
16:25:51.445 [graviteeio-node] INFO  i.g.p.r.i.RepositoryPluginHandler - Register a new repository: repository-mongodb [io.gravitee.repository.mongodb.MongoRepositoryProvider]
16:25:51.467 [graviteeio-node] INFO  i.g.p.r.i.RepositoryPluginHandler - Repository [MANAGEMENT] loaded by mongodb
16:25:53.695 [graviteeio-node] WARN  o.s.data.convert.CustomConversions - Registering converter from class java.time.LocalDateTime to class org.joda.time.LocalDateTime as reading converter although it doesn't convert from a store-supported type; You might want to check your annotation setup at the converter implementation
16:25:55.305 [graviteeio-node] WARN  o.s.data.convert.CustomConversions - Registering converter from class java.time.LocalDateTime to class org.joda.time.LocalDateTime as reading converter although it doesn't convert from a store-supported type; You might want to check your annotation setup at the converter implementation
16:25:55.466 [graviteeio-node] WARN  o.s.data.convert.CustomConversions - Registering converter from class org.bson.BsonUndefined to class java.lang.Object as reading converter although it doesn't convert from a store-supported type; You might want to check your annotation setup at the converter implementation
16:25:55.469 [graviteeio-node] WARN  o.s.data.convert.CustomConversions - Registering converter from class java.time.LocalDateTime to class org.joda.time.LocalDateTime as reading converter although it doesn't convert from a store-supported type; You might want to check your annotation setup at the converter implementation
16:25:57.737 [graviteeio-node] WARN  o.s.data.convert.CustomConversions - Registering converter from class java.time.LocalDateTime to class org.joda.time.LocalDateTime as reading converter although it doesn't convert from a store-supported type; You might want to check your annotation setup at the converter implementation
16:25:57.740 [graviteeio-node] WARN  o.s.data.convert.CustomConversions - Registering converter from class java.time.LocalDateTime to class org.joda.time.LocalDateTime as reading converter although it doesn't convert from a store-supported type; You might want to check your annotation setup at the converter implementation
16:25:57.760 [graviteeio-node] INFO  i.g.p.r.i.RepositoryPluginHandler - Register a new repository: repository-elasticsearch [io.gravitee.repository.elasticsearch.ElasticsearchRepositoryProvider]
16:25:57.763 [graviteeio-node] INFO  i.g.p.r.i.RepositoryPluginHandler - Repository [ANALYTICS] loaded by elasticsearch
16:25:58.372 [vert.x-eventloop-thread-1] ERROR i.g.e.client.http.HttpClient - Unable to get a connection to Elasticsearch: Connection refused: elasticsearch/172.19.0.2:9200
16:25:58.379 [vert.x-eventloop-thread-1] ERROR i.g.e.client.http.HttpClient - Unable to get a connection to Elasticsearch: Connection refused: elasticsearch/172.19.0.2:9200
16:26:02.937 [vert.x-eventloop-thread-2] ERROR i.g.e.client.http.HttpClient - Unable to get a connection to Elasticsearch: Connection refused: elasticsearch/172.19.0.2:9200
16:26:03.381 [vert.x-eventloop-thread-3] ERROR i.g.e.client.http.HttpClient - Unable to get a connection to Elasticsearch: Connection refused: elasticsearch/172.19.0.2:9200
16:26:03.382 [vert.x-eventloop-thread-4] ERROR i.g.e.client.http.HttpClient - Unable to get a connection to Elasticsearch: Connection refused: elasticsearch/172.19.0.2:9200
