07:35:58.360 [graviteeio-node] INFO  i.g.n.c.s.e.PropertiesConfiguration - Loading Gravitee configuration.
07:35:58.380 [graviteeio-node] INFO  i.g.n.c.s.e.PropertiesConfiguration - 	Gravitee configuration loaded from /opt/graviteeio-management-api/config/gravitee.yml
07:35:58.612 [graviteeio-node] INFO  i.g.n.c.s.e.PropertiesConfiguration - Loading Gravitee configuration. DONE
07:35:58.692 [graviteeio-node] INFO  i.g.p.c.s.PluginHandlerBeanFactoryPostProcessor - Loading plugin handlers
07:35:58.731 [graviteeio-node] INFO  i.g.p.c.s.PluginHandlerBeanFactoryPostProcessor - Find 16 plugin handler(s):
07:35:58.736 [graviteeio-node] INFO  i.g.p.c.s.PluginHandlerBeanFactoryPostProcessor - 	io.gravitee.plugin.discovery.internal.ServiceDiscoveryPluginHandler
07:35:58.739 [graviteeio-node] INFO  i.g.p.c.s.PluginHandlerBeanFactoryPostProcessor - 	io.gravitee.plugin.policy.internal.PolicyPluginHandler
07:35:58.741 [graviteeio-node] INFO  i.g.p.c.s.PluginHandlerBeanFactoryPostProcessor - 	io.gravitee.node.tracing.plugin.TracingPluginHandler
07:35:58.744 [graviteeio-node] INFO  i.g.p.c.s.PluginHandlerBeanFactoryPostProcessor - 	io.gravitee.node.plugins.service.handler.ServicePluginHandler
07:35:58.746 [graviteeio-node] INFO  i.g.p.c.s.PluginHandlerBeanFactoryPostProcessor - 	io.gravitee.plugin.notifier.internal.NotifierPluginHandler
07:35:58.748 [graviteeio-node] INFO  i.g.p.c.s.PluginHandlerBeanFactoryPostProcessor - 	io.gravitee.plugin.endpoint.internal.EndpointConnectorPluginHandler
07:35:58.751 [graviteeio-node] INFO  i.g.p.c.s.PluginHandlerBeanFactoryPostProcessor - 	io.gravitee.plugin.repository.internal.RepositoryPluginHandler
07:35:58.752 [graviteeio-node] INFO  i.g.p.c.s.PluginHandlerBeanFactoryPostProcessor - 	io.gravitee.plugin.cockpit.CockpitPluginHandler
07:35:58.754 [graviteeio-node] INFO  i.g.p.c.s.PluginHandlerBeanFactoryPostProcessor - 	io.gravitee.node.reporter.plugin.ReporterPluginHandler
07:35:58.755 [graviteeio-node] INFO  i.g.p.c.s.PluginHandlerBeanFactoryPostProcessor - 	io.gravitee.rest.api.idp.core.plugin.IdentityProviderPluginHandler
07:35:58.759 [graviteeio-node] INFO  i.g.p.c.s.PluginHandlerBeanFactoryPostProcessor - 	io.gravitee.plugin.entrypoint.internal.EntrypointConnectorPluginHandler
07:35:58.762 [graviteeio-node] INFO  i.g.p.c.s.PluginHandlerBeanFactoryPostProcessor - 	io.gravitee.rest.api.service.impl.swagger.policy.PolicyPluginHandler
07:35:58.765 [graviteeio-node] INFO  i.g.p.c.s.PluginHandlerBeanFactoryPostProcessor - 	io.gravitee.plugin.fetcher.internal.FetcherPluginHandler
07:35:58.766 [graviteeio-node] INFO  i.g.p.c.s.PluginHandlerBeanFactoryPostProcessor - 	io.gravitee.plugin.connector.internal.ConnectorPluginHandler
07:35:58.768 [graviteeio-node] INFO  i.g.p.c.s.PluginHandlerBeanFactoryPostProcessor - 	io.gravitee.plugin.alert.internal.AlertPluginHandler
07:35:58.770 [graviteeio-node] INFO  i.g.p.c.s.PluginHandlerBeanFactoryPostProcessor - 	io.gravitee.plugin.resource.internal.ResourcePluginHandler
07:36:00.708 [graviteeio-node] INFO  i.g.c.event.impl.EventManagerImpl - Register new listener GraviteeJavaMailManager for event type class io.gravitee.rest.api.model.parameters.Key
07:36:03.743 [graviteeio-node] INFO  i.g.node.tracing.TracingService - Tracing support is enabled with tracer: name[null]
07:36:04.691 [graviteeio-node] WARN  i.gravitee.common.util.DataEncryptor - 
07:36:04.695 [graviteeio-node] WARN  i.gravitee.common.util.DataEncryptor - ##############################################################
07:36:04.698 [graviteeio-node] WARN  i.gravitee.common.util.DataEncryptor - #                      SECURITY WARNING                      #
07:36:04.703 [graviteeio-node] WARN  i.gravitee.common.util.DataEncryptor - ##############################################################
07:36:04.707 [graviteeio-node] WARN  i.gravitee.common.util.DataEncryptor - 
07:36:04.713 [graviteeio-node] WARN  i.gravitee.common.util.DataEncryptor - You still use the default secret.
07:36:04.714 [graviteeio-node] WARN  i.gravitee.common.util.DataEncryptor - This known secret can be used to access protected information.
07:36:04.723 [graviteeio-node] WARN  i.gravitee.common.util.DataEncryptor - Please customize the 'api.properties.encryption.secret' parameter value, or ask your administrator to do it.
07:36:04.726 [graviteeio-node] WARN  i.gravitee.common.util.DataEncryptor - 
07:36:04.732 [graviteeio-node] WARN  i.gravitee.common.util.DataEncryptor - ##############################################################
07:36:04.744 [graviteeio-node] WARN  i.gravitee.common.util.DataEncryptor - 
07:36:05.186 [graviteeio-node] INFO  i.g.c.event.impl.EventManagerImpl - Register new listener ApplicationAlertEventListener for event type class io.gravitee.rest.api.model.alert.ApplicationAlertEventType
07:36:06.344 [graviteeio-node] INFO  i.g.p.r.i.RepositoryPluginHandler - Loading repository for scope MANAGEMENT: mongodb
07:36:06.348 [graviteeio-node] INFO  i.g.p.r.i.RepositoryPluginHandler - Loading repository for scope ANALYTICS: elasticsearch
07:36:07.468 [graviteeio-node] INFO  i.g.r.a.s.a.i.AuthenticationProviderManagerImpl - Loading authentication providers
07:36:07.592 [graviteeio-node] INFO  org.eclipse.jetty.util.log - Logging initialized @13160ms to org.eclipse.jetty.util.log.Slf4jLog
07:36:07.853 [graviteeio-node] INFO  i.g.node.container.AbstractContainer - Starting Gravitee.io - Rest APIs...
07:36:07.855 [graviteeio-node] INFO  i.g.r.a.s.node.GraviteeApisNode - Gravitee.io - Rest APIs is now starting...
07:36:07.858 [graviteeio-node] INFO  i.g.r.a.s.node.GraviteeApisNode - 	Starting component: LicenseService
07:36:07.858 [graviteeio-node] INFO  i.g.common.service.AbstractService - Initializing service License service
07:36:07.860 [graviteeio-node] INFO  i.g.node.license.LicenseService - No license file found. Some plugins may be disabled
07:36:07.895 [graviteeio-node] INFO  i.g.n.m.h.v.e.ManagementEndpointManagerImpl - Register a new endpoint for Management API: GET /license [io.gravitee.node.license.management.NodeLicenseManagementEndpoint]
07:36:07.977 [graviteeio-node] INFO  i.g.r.a.s.node.GraviteeApisNode - 	Starting component: PluginEventListener
07:36:08.005 [graviteeio-node] INFO  i.g.common.service.AbstractService - Initializing service io.gravitee.plugin.core.internal.PluginEventListener
07:36:08.006 [graviteeio-node] INFO  i.g.c.event.impl.EventManagerImpl - Register new listener PluginEventListener for event type class io.gravitee.plugin.core.api.PluginEvent
07:36:08.007 [graviteeio-node] INFO  i.g.r.a.s.node.GraviteeApisNode - 	Starting component: PluginRegistry
07:36:08.008 [graviteeio-node] INFO  i.g.common.service.AbstractService - Initializing service io.gravitee.plugin.core.internal.PluginRegistryImpl
07:36:08.008 [graviteeio-node] INFO  i.g.p.c.internal.PluginRegistryImpl - Initializing plugin registry.
07:36:08.012 [graviteeio-node] INFO  i.g.p.c.internal.PluginRegistryImpl - Loading plugins from /opt/graviteeio-management-api/plugins
07:36:09.447 [graviteeio-node] INFO  i.g.p.c.internal.PluginRegistryImpl - List of available service: 
07:36:09.450 [graviteeio-node] INFO  i.g.p.c.internal.PluginRegistryImpl - 	> mgmt-service-dynamicproperties [3.20.0] has been loaded
07:36:09.451 [graviteeio-node] INFO  i.g.p.c.internal.PluginRegistryImpl - 	> subscription-expiration-notifier [3.20.0] has been loaded
07:36:09.452 [graviteeio-node] INFO  i.g.p.c.internal.PluginRegistryImpl - 	> mgmt-service-sync [3.20.0] has been loaded
07:36:09.453 [graviteeio-node] INFO  i.g.p.c.internal.PluginRegistryImpl - 	> service-bridge-http-server [3.20.0] has been loaded
07:36:09.462 [graviteeio-node] INFO  i.g.p.c.internal.PluginRegistryImpl - 	> search-indexer [3.20.0] has been loaded
07:36:09.466 [graviteeio-node] INFO  i.g.p.c.internal.PluginRegistryImpl - 	> subscriptions-refresher [3.20.0] has been loaded
07:36:09.470 [graviteeio-node] INFO  i.g.p.c.internal.PluginRegistryImpl - 	> auto-fetch [3.20.0] has been loaded
07:36:09.471 [graviteeio-node] INFO  i.g.p.c.internal.PluginRegistryImpl - 	> mgmt-service-dictionary [3.20.0] has been loaded
07:36:09.472 [graviteeio-node] INFO  i.g.p.c.internal.PluginRegistryImpl - List of available policy: 
07:36:09.475 [graviteeio-node] INFO  i.g.p.c.internal.PluginRegistryImpl - 	> json-xml [2.0.0] has been loaded
07:36:09.483 [graviteeio-node] INFO  i.g.p.c.internal.PluginRegistryImpl - 	> policy-http-callout [2.0.1] has been loaded
07:36:09.486 [graviteeio-node] INFO  i.g.p.c.internal.PluginRegistryImpl - 	> spike-arrest [2.0.0] has been loaded
07:36:09.493 [graviteeio-node] INFO  i.g.p.c.internal.PluginRegistryImpl - 	> api-key [3.0.0] has been loaded
07:36:09.497 [graviteeio-node] INFO  i.g.p.c.internal.PluginRegistryImpl - 	> latency [1.4.0] has been loaded
07:36:09.498 [graviteeio-node] INFO  i.g.p.c.internal.PluginRegistryImpl - 	> rest-to-soap [1.13.0] has been loaded
07:36:09.498 [graviteeio-node] INFO  i.g.p.c.internal.PluginRegistryImpl - 	> json-threat-protection [1.3.3] has been loaded
07:36:09.499 [graviteeio-node] INFO  i.g.p.c.internal.PluginRegistryImpl - 	> mock [1.13.0] has been loaded
07:36:09.499 [graviteeio-node] INFO  i.g.p.c.internal.PluginRegistryImpl - 	> ssl-enforcement [1.2.1] has been loaded
07:36:09.500 [graviteeio-node] INFO  i.g.p.c.internal.PluginRegistryImpl - 	> policy-assign-content [1.7.0] has been loaded
07:36:09.500 [graviteeio-node] INFO  i.g.p.c.internal.PluginRegistryImpl - 	> traffic-shadowing [1.1.0] has been loaded
07:36:09.501 [graviteeio-node] INFO  i.g.p.c.internal.PluginRegistryImpl - 	> url-rewriting [1.5.0] has been loaded
07:36:09.501 [graviteeio-node] INFO  i.g.p.c.internal.PluginRegistryImpl - 	> dynamic-routing [1.11.1] has been loaded
07:36:09.502 [graviteeio-node] INFO  i.g.p.c.internal.PluginRegistryImpl - 	> http-signature [1.5.0] has been loaded
07:36:09.503 [graviteeio-node] INFO  i.g.p.c.internal.PluginRegistryImpl - 	> jwt [3.0.0] has been loaded
07:36:09.503 [graviteeio-node] INFO  i.g.p.c.internal.PluginRegistryImpl - 	> xml-validation [1.1.0] has been loaded
07:36:09.504 [graviteeio-node] INFO  i.g.p.c.internal.PluginRegistryImpl - 	> policy-generate-jwt [1.5.0] has been loaded
07:36:09.504 [graviteeio-node] INFO  i.g.p.c.internal.PluginRegistryImpl - 	> retry [2.1.0] has been loaded
07:36:09.505 [graviteeio-node] INFO  i.g.p.c.internal.PluginRegistryImpl - 	> metrics-reporter [2.0.0] has been loaded
07:36:09.505 [graviteeio-node] INFO  i.g.p.c.internal.PluginRegistryImpl - 	> rbac [1.1.0] has been loaded
07:36:09.506 [graviteeio-node] INFO  i.g.p.c.internal.PluginRegistryImpl - 	> cache [1.15.2] has been loaded
07:36:09.506 [graviteeio-node] INFO  i.g.p.c.internal.PluginRegistryImpl - 	> regex-threat-protection [1.3.2] has been loaded
07:36:09.507 [graviteeio-node] INFO  i.g.p.c.internal.PluginRegistryImpl - 	> policy-openid-userinfo [1.5.2] has been loaded
07:36:09.508 [graviteeio-node] INFO  i.g.p.c.internal.PluginRegistryImpl - 	> generate-http-signature [1.1.0] has been loaded
07:36:09.514 [graviteeio-node] INFO  i.g.p.c.internal.PluginRegistryImpl - 	> transform-headers [1.10.0] has been loaded
07:36:09.515 [graviteeio-node] INFO  i.g.p.c.internal.PluginRegistryImpl - 	> policy-request-validation [1.13.0] has been loaded
07:36:09.516 [graviteeio-node] INFO  i.g.p.c.internal.PluginRegistryImpl - 	> key-less [2.0.0] has been loaded
07:36:09.518 [graviteeio-node] INFO  i.g.p.c.internal.PluginRegistryImpl - 	> rate-limit [2.0.0] has been loaded
07:36:09.521 [graviteeio-node] INFO  i.g.p.c.internal.PluginRegistryImpl - 	> policy-override-request-method [1.3.0] has been loaded
07:36:09.524 [graviteeio-node] INFO  i.g.p.c.internal.PluginRegistryImpl - 	> html-json [1.6.0] has been loaded
07:36:09.529 [graviteeio-node] INFO  i.g.p.c.internal.PluginRegistryImpl - 	> json-to-json [1.7.1] has been loaded
07:36:09.531 [graviteeio-node] INFO  i.g.p.c.internal.PluginRegistryImpl - 	> transform-queryparams [1.6.0] has been loaded
07:36:09.546 [graviteeio-node] INFO  i.g.p.c.internal.PluginRegistryImpl - 	> xml-threat-protection [1.3.2] has been loaded
07:36:09.549 [graviteeio-node] INFO  i.g.p.c.internal.PluginRegistryImpl - 	> message-filtering [1.0.0] has been loaded
07:36:09.554 [graviteeio-node] INFO  i.g.p.c.internal.PluginRegistryImpl - 	> resource-filtering [1.8.0] has been loaded
07:36:09.560 [graviteeio-node] INFO  i.g.p.c.internal.PluginRegistryImpl - 	> request-content-limit [1.8.0] has been loaded
07:36:09.573 [graviteeio-node] INFO  i.g.p.c.internal.PluginRegistryImpl - 	> xml-json [1.8.1] has been loaded
07:36:09.598 [graviteeio-node] INFO  i.g.p.c.internal.PluginRegistryImpl - 	> quota [2.0.0] has been loaded
07:36:09.599 [graviteeio-node] INFO  i.g.p.c.internal.PluginRegistryImpl - 	> jws [1.3.2] has been loaded
07:36:09.602 [graviteeio-node] INFO  i.g.p.c.internal.PluginRegistryImpl - 	> policy-assign-attributes [1.5.0] has been loaded
07:36:09.603 [graviteeio-node] INFO  i.g.p.c.internal.PluginRegistryImpl - 	> oauth2 [2.0.0] has been loaded
07:36:09.614 [graviteeio-node] INFO  i.g.p.c.internal.PluginRegistryImpl - 	> ip-filtering [1.9.0] has been loaded
07:36:09.618 [graviteeio-node] INFO  i.g.p.c.internal.PluginRegistryImpl - 	> xslt [2.0.0] has been loaded
07:36:09.623 [graviteeio-node] INFO  i.g.p.c.internal.PluginRegistryImpl - 	> json-validation [1.6.1] has been loaded
07:36:09.644 [graviteeio-node] INFO  i.g.p.c.internal.PluginRegistryImpl - 	> groovy [2.2.2] has been loaded
07:36:09.646 [graviteeio-node] INFO  i.g.p.c.internal.PluginRegistryImpl - List of available endpoint-connector: 
07:36:09.648 [graviteeio-node] INFO  i.g.p.c.internal.PluginRegistryImpl - 	> mock [3.20.0] has been loaded
07:36:09.655 [graviteeio-node] INFO  i.g.p.c.internal.PluginRegistryImpl - 	> mqtt5 [3.20.0] has been loaded
07:36:09.656 [graviteeio-node] INFO  i.g.p.c.internal.PluginRegistryImpl - 	> http-proxy [3.20.0] has been loaded
07:36:09.657 [graviteeio-node] INFO  i.g.p.c.internal.PluginRegistryImpl - 	> kafka [3.20.0] has been loaded
07:36:09.658 [graviteeio-node] INFO  i.g.p.c.internal.PluginRegistryImpl - List of available cockpit: 
07:36:09.659 [graviteeio-node] INFO  i.g.p.c.internal.PluginRegistryImpl - 	> cockpit-connectors-ws [3.0.0] has been loaded
07:36:09.659 [graviteeio-node] INFO  i.g.p.c.internal.PluginRegistryImpl - List of available identity_provider: 
07:36:09.660 [graviteeio-node] INFO  i.g.p.c.internal.PluginRegistryImpl - 	> gravitee-idp [3.20.0] has been loaded
07:36:09.660 [graviteeio-node] INFO  i.g.p.c.internal.PluginRegistryImpl - 	> inmemory-idp [3.20.0] has been loaded
07:36:09.661 [graviteeio-node] INFO  i.g.p.c.internal.PluginRegistryImpl - 	> ldap-idp [3.20.0] has been loaded
07:36:09.661 [graviteeio-node] INFO  i.g.p.c.internal.PluginRegistryImpl - List of available alert: 
07:36:09.661 [graviteeio-node] INFO  i.g.p.c.internal.PluginRegistryImpl - 	> alert-engine-connector-ws [2.0.0] has been loaded
07:36:09.663 [graviteeio-node] INFO  i.g.p.c.internal.PluginRegistryImpl - List of available resource: 
07:36:09.664 [graviteeio-node] INFO  i.g.p.c.internal.PluginRegistryImpl - 	> oauth2-am-resource [2.0.0] has been loaded
07:36:09.665 [graviteeio-node] INFO  i.g.p.c.internal.PluginRegistryImpl - 	> oauth2 [2.0.0] has been loaded
07:36:09.665 [graviteeio-node] INFO  i.g.p.c.internal.PluginRegistryImpl - 	> cache [1.9.0] has been loaded
07:36:09.665 [graviteeio-node] INFO  i.g.p.c.internal.PluginRegistryImpl - List of available notifier: 
07:36:09.666 [graviteeio-node] INFO  i.g.p.c.internal.PluginRegistryImpl - 	> email-notifier [1.4.1] has been loaded
07:36:09.666 [graviteeio-node] INFO  i.g.p.c.internal.PluginRegistryImpl - 	> webhook-notifier [1.1.0] has been loaded
07:36:09.667 [graviteeio-node] INFO  i.g.p.c.internal.PluginRegistryImpl - 	> slack-notifier [1.3.0] has been loaded
07:36:09.667 [graviteeio-node] INFO  i.g.p.c.internal.PluginRegistryImpl - List of available service_discovery: 
07:36:09.667 [graviteeio-node] INFO  i.g.p.c.internal.PluginRegistryImpl - 	> consul-service-discovery [1.3.0] has been loaded
07:36:09.668 [graviteeio-node] INFO  i.g.p.c.internal.PluginRegistryImpl - List of available entrypoint-connector: 
07:36:09.668 [graviteeio-node] INFO  i.g.p.c.internal.PluginRegistryImpl - 	> http-proxy [3.20.0] has been loaded
07:36:09.669 [graviteeio-node] INFO  i.g.p.c.internal.PluginRegistryImpl - 	> webhook [3.20.0] has been loaded
07:36:09.669 [graviteeio-node] INFO  i.g.p.c.internal.PluginRegistryImpl - 	> websocket [3.20.0] has been loaded
07:36:09.670 [graviteeio-node] INFO  i.g.p.c.internal.PluginRegistryImpl - 	> http-post [3.20.0] has been loaded
07:36:09.670 [graviteeio-node] INFO  i.g.p.c.internal.PluginRegistryImpl - 	> sse [3.20.0] has been loaded
07:36:09.671 [graviteeio-node] INFO  i.g.p.c.internal.PluginRegistryImpl - List of available connector: 
07:36:09.671 [graviteeio-node] INFO  i.g.p.c.internal.PluginRegistryImpl - 	> connector-http [2.0.10] has been loaded
07:36:09.671 [graviteeio-node] INFO  i.g.p.c.internal.PluginRegistryImpl - List of available fetcher: 
07:36:09.672 [graviteeio-node] INFO  i.g.p.c.internal.PluginRegistryImpl - 	> git-fetcher [1.8.1] has been loaded
07:36:09.672 [graviteeio-node] INFO  i.g.p.c.internal.PluginRegistryImpl - 	> bitbucket-fetcher [1.7.0] has been loaded
07:36:09.673 [graviteeio-node] INFO  i.g.p.c.internal.PluginRegistryImpl - 	> github-fetcher [1.6.0] has been loaded
07:36:09.675 [graviteeio-node] INFO  i.g.p.c.internal.PluginRegistryImpl - 	> http-fetcher [1.12.0] has been loaded
07:36:09.677 [graviteeio-node] INFO  i.g.p.c.internal.PluginRegistryImpl - 	> gitlab-fetcher [1.11.0] has been loaded
07:36:09.678 [graviteeio-node] INFO  i.g.p.c.internal.PluginRegistryImpl - List of available repository: 
07:36:09.678 [graviteeio-node] INFO  i.g.p.c.internal.PluginRegistryImpl - 	> repository-elasticsearch [3.20.0] has been loaded
07:36:09.679 [graviteeio-node] INFO  i.g.p.c.internal.PluginRegistryImpl - 	> repository-mongodb [3.20.0] has been loaded
07:36:09.679 [graviteeio-node] INFO  i.g.p.c.internal.PluginRegistryImpl - 	> repository-jdbc [3.20.0] has been loaded
07:36:09.680 [graviteeio-node] INFO  i.g.p.c.internal.PluginEventListener - All plugins have been loaded. Installing...
07:36:09.741 [graviteeio-node] INFO  i.g.p.r.i.RepositoryPluginHandler - Register a new repository: repository-mongodb [io.gravitee.repository.mongodb.MongoRepositoryProvider]
07:36:09.768 [graviteeio-node] INFO  i.g.p.r.i.RepositoryPluginHandler - Repository [MANAGEMENT] loaded by mongodb
07:36:12.029 [graviteeio-node] WARN  o.s.data.convert.CustomConversions - Registering converter from class java.time.LocalDateTime to class org.joda.time.LocalDateTime as reading converter although it doesn't convert from a store-supported type; You might want to check your annotation setup at the converter implementation
07:36:13.256 [graviteeio-node] WARN  o.s.data.convert.CustomConversions - Registering converter from class java.time.LocalDateTime to class org.joda.time.LocalDateTime as reading converter although it doesn't convert from a store-supported type; You might want to check your annotation setup at the converter implementation
07:36:13.444 [graviteeio-node] WARN  o.s.data.convert.CustomConversions - Registering converter from class org.bson.BsonUndefined to class java.lang.Object as reading converter although it doesn't convert from a store-supported type; You might want to check your annotation setup at the converter implementation
07:36:13.451 [graviteeio-node] WARN  o.s.data.convert.CustomConversions - Registering converter from class java.time.LocalDateTime to class org.joda.time.LocalDateTime as reading converter although it doesn't convert from a store-supported type; You might want to check your annotation setup at the converter implementation
07:36:16.415 [graviteeio-node] WARN  o.s.data.convert.CustomConversions - Registering converter from class java.time.LocalDateTime to class org.joda.time.LocalDateTime as reading converter although it doesn't convert from a store-supported type; You might want to check your annotation setup at the converter implementation
07:36:16.418 [graviteeio-node] WARN  o.s.data.convert.CustomConversions - Registering converter from class java.time.LocalDateTime to class org.joda.time.LocalDateTime as reading converter although it doesn't convert from a store-supported type; You might want to check your annotation setup at the converter implementation
07:36:16.448 [graviteeio-node] INFO  i.g.p.r.i.RepositoryPluginHandler - Register a new repository: repository-elasticsearch [io.gravitee.repository.elasticsearch.ElasticsearchRepositoryProvider]
07:36:16.450 [graviteeio-node] INFO  i.g.p.r.i.RepositoryPluginHandler - Repository [ANALYTICS] loaded by elasticsearch
07:36:18.346 [graviteeio-node] INFO  i.g.p.r.i.RepositoryPluginHandler - Register a new repository: repository-jdbc [io.gravitee.repository.jdbc.JdbcRepositoryProvider]
07:36:18.349 [graviteeio-node] INFO  i.g.p.a.internal.AlertPluginHandler - Install plugin: alert-engine-connector-ws [io.gravitee.ae.connector.ws.WsConnectorPlugin]
07:36:18.592 [graviteeio-node] INFO  i.g.p.cockpit.CockpitPluginHandler - Install plugin: cockpit-connectors-ws [io.gravitee.cockpit.connectors.ws.WebSocketCockpitConnector]
07:36:18.667 [graviteeio-node] INFO  i.g.c.c.c.s.MonitoringCollectorService - Starting monitoring collector service
07:36:18.681 [graviteeio-node] INFO  i.g.common.service.AbstractService - Initializing service io.gravitee.cockpit.connectors.ws.WebSocketCockpitConnector
07:36:18.682 [graviteeio-node] INFO  i.g.c.c.ws.WebSocketCockpitConnector - Cockpit connector is disabled.
07:36:18.683 [graviteeio-node] INFO  i.g.p.f.i.FetcherPluginHandler - Install plugin: bitbucket-fetcher [io.gravitee.fetcher.bitbucket.BitbucketFetcher]
07:36:18.692 [graviteeio-node] INFO  i.g.n.p.s.h.ServicePluginHandler - Install plugin: search-indexer [io.gravitee.rest.api.services.search.ScheduledSearchIndexerService]
07:36:18.717 [graviteeio-node] INFO  i.g.p.d.i.ServiceDiscoveryPluginHandler - Install plugin: consul-service-discovery [io.gravitee.discovery.consul.ConsulServiceDiscovery]
07:36:18.727 [graviteeio-node] INFO  i.g.p.p.internal.PolicyPluginHandler - Install plugin: policy-openid-userinfo [io.gravitee.policy.openid.userinfo.UserInfoPolicy]
07:36:18.735 [graviteeio-node] INFO  i.g.r.a.s.i.s.p.PolicyPluginHandler - Install plugin: policy-openid-userinfo [io.gravitee.policy.openid.userinfo.UserInfoPolicy]
07:36:18.744 [graviteeio-node] INFO  i.g.p.p.internal.PolicyPluginHandler - Install plugin: groovy [io.gravitee.policy.groovy.GroovyPolicy]
07:36:18.759 [graviteeio-node] INFO  i.g.r.a.s.i.s.p.PolicyPluginHandler - Install plugin: groovy [io.gravitee.policy.groovy.GroovyPolicy]
07:36:18.780 [graviteeio-node] INFO  i.g.p.e.i.EntrypointConnectorPluginHandler - Install plugin: sse [io.gravitee.plugin.entrypoint.sse.SseEntrypointConnectorFactory]
07:36:18.793 [graviteeio-node] INFO  i.g.p.e.i.EndpointConnectorPluginHandler - Install plugin: mqtt5 [io.gravitee.plugin.endpoint.mqtt5.Mqtt5EndpointConnectorFactory]
07:36:18.804 [graviteeio-node] INFO  i.g.p.e.i.EntrypointConnectorPluginHandler - Install plugin: http-proxy [io.gravitee.plugin.entrypoint.http.proxy.HttpProxyEntrypointConnectorFactory]
07:36:18.809 [graviteeio-node] INFO  i.g.p.p.internal.PolicyPluginHandler - Install plugin: cache [io.gravitee.policy.cache.CachePolicy]
07:36:18.823 [graviteeio-node] INFO  i.g.r.a.s.i.s.p.PolicyPluginHandler - Install plugin: cache [io.gravitee.policy.cache.CachePolicy]
07:36:18.843 [graviteeio-node] INFO  i.g.p.n.i.NotifierPluginHandler - Install plugin: slack-notifier [io.gravitee.notifier.slack.SlackNotifier]
07:36:18.851 [graviteeio-node] INFO  i.g.p.p.internal.PolicyPluginHandler - Install plugin: traffic-shadowing [io.gravitee.policy.trafficshadowing.TrafficShadowingPolicy]
07:36:18.856 [graviteeio-node] INFO  i.g.r.a.s.i.s.p.PolicyPluginHandler - Install plugin: traffic-shadowing [io.gravitee.policy.trafficshadowing.TrafficShadowingPolicy]
07:36:18.866 [graviteeio-node] INFO  i.g.p.p.internal.PolicyPluginHandler - Install plugin: rest-to-soap [io.gravitee.policy.rest2soap.RestToSoapTransformerPolicy]
07:36:18.871 [graviteeio-node] INFO  i.g.r.a.s.i.s.p.PolicyPluginHandler - Install plugin: rest-to-soap [io.gravitee.policy.rest2soap.RestToSoapTransformerPolicy]
07:36:18.881 [graviteeio-node] INFO  i.g.r.a.s.i.s.p.PolicyPluginHandler - Add a Swagger visitor for policy: idrest-to-soap
07:36:18.883 [graviteeio-node] INFO  i.g.p.p.internal.PolicyPluginHandler - Install plugin: xml-validation [io.gravitee.policy.xmlvalidation.XmlValidationPolicy]
07:36:18.889 [graviteeio-node] INFO  i.g.r.a.s.i.s.p.PolicyPluginHandler - Install plugin: xml-validation [io.gravitee.policy.xmlvalidation.XmlValidationPolicy]
07:36:18.900 [graviteeio-node] INFO  i.g.r.a.s.i.s.p.PolicyPluginHandler - Add a Swagger visitor for policy: idxml-validation
07:36:18.901 [graviteeio-node] INFO  i.g.p.r.i.ResourcePluginHandler - Install plugin: oauth2-am-resource [io.gravitee.resource.oauth2.am.OAuth2AMResource]
07:36:18.911 [graviteeio-node] INFO  i.g.n.p.s.h.ServicePluginHandler - Install plugin: subscriptions-refresher [io.gravitee.rest.api.services.subscriptions.ScheduledSubscriptionsService]
07:36:18.933 [graviteeio-node] INFO  i.g.p.n.i.NotifierPluginHandler - Install plugin: webhook-notifier [io.gravitee.notifier.webhook.WebhookNotifier]
07:36:18.940 [graviteeio-node] INFO  i.g.p.f.i.FetcherPluginHandler - Install plugin: git-fetcher [io.gravitee.fetcher.git.GitFetcher]
07:36:18.950 [graviteeio-node] INFO  i.g.p.p.internal.PolicyPluginHandler - Install plugin: json-threat-protection [io.gravitee.policy.threatprotection.json.JsonThreatProtectionPolicy]
07:36:18.960 [graviteeio-node] INFO  i.g.r.a.s.i.s.p.PolicyPluginHandler - Install plugin: json-threat-protection [io.gravitee.policy.threatprotection.json.JsonThreatProtectionPolicy]
07:36:18.970 [graviteeio-node] INFO  i.g.p.p.internal.PolicyPluginHandler - Install plugin: message-filtering [io.gravitee.policy.messagefiltering.MessageFilteringPolicy]
07:36:18.986 [graviteeio-node] INFO  i.g.r.a.s.i.s.p.PolicyPluginHandler - Install plugin: message-filtering [io.gravitee.policy.messagefiltering.MessageFilteringPolicy]
07:36:18.994 [graviteeio-node] INFO  i.g.p.p.internal.PolicyPluginHandler - Install plugin: latency [io.gravitee.policy.latency.LatencyPolicy]
07:36:19.006 [graviteeio-node] INFO  i.g.r.a.s.i.s.p.PolicyPluginHandler - Install plugin: latency [io.gravitee.policy.latency.LatencyPolicy]
07:36:19.015 [graviteeio-node] INFO  i.g.p.e.i.EntrypointConnectorPluginHandler - Install plugin: webhook [io.gravitee.plugin.entrypoint.webhook.WebhookEntrypointConnectorFactory]
07:36:19.024 [graviteeio-node] INFO  i.g.p.p.internal.PolicyPluginHandler - Install plugin: regex-threat-protection [io.gravitee.policy.threatprotection.regex.RegexThreatProtectionPolicy]
07:36:19.035 [graviteeio-node] INFO  i.g.r.a.s.i.s.p.PolicyPluginHandler - Install plugin: regex-threat-protection [io.gravitee.policy.threatprotection.regex.RegexThreatProtectionPolicy]
07:36:19.044 [graviteeio-node] INFO  i.g.p.p.internal.PolicyPluginHandler - Install plugin: xml-threat-protection [io.gravitee.policy.threatprotection.xml.XmlThreatProtectionPolicy]
07:36:19.057 [graviteeio-node] INFO  i.g.r.a.s.i.s.p.PolicyPluginHandler - Install plugin: xml-threat-protection [io.gravitee.policy.threatprotection.xml.XmlThreatProtectionPolicy]
07:36:19.067 [graviteeio-node] INFO  i.g.p.p.internal.PolicyPluginHandler - Install plugin: retry [io.gravitee.policy.retry.RetryPolicy]
07:36:19.080 [graviteeio-node] INFO  i.g.r.a.s.i.s.p.PolicyPluginHandler - Install plugin: retry [io.gravitee.policy.retry.RetryPolicy]
07:36:19.091 [graviteeio-node] INFO  i.g.p.e.i.EndpointConnectorPluginHandler - Install plugin: mock [io.gravitee.plugin.endpoint.mock.MockEndpointConnectorFactory]
07:36:19.098 [graviteeio-node] INFO  i.g.p.p.internal.PolicyPluginHandler - Install plugin: jws [io.gravitee.policy.jws.JWSPolicy]
07:36:19.106 [graviteeio-node] INFO  i.g.r.a.s.i.s.p.PolicyPluginHandler - Install plugin: jws [io.gravitee.policy.jws.JWSPolicy]
07:36:19.119 [graviteeio-node] INFO  i.g.p.p.internal.PolicyPluginHandler - Install plugin: html-json [io.gravitee.policy.html2Json.HTMLToJSONTransformationPolicy]
07:36:19.128 [graviteeio-node] INFO  i.g.r.a.s.i.s.p.PolicyPluginHandler - Install plugin: html-json [io.gravitee.policy.html2Json.HTMLToJSONTransformationPolicy]
07:36:19.140 [graviteeio-node] INFO  i.g.r.a.i.c.p.IdentityProviderPluginHandler - Register a new identity provider plugin: gravitee-idp [io.gravitee.rest.api.idp.repository.RepositoryIdentityProvider]
07:36:19.142 [graviteeio-node] INFO  i.g.p.p.internal.PolicyPluginHandler - Install plugin: transform-queryparams [io.gravitee.policy.transformqueryparams.TransformQueryParametersPolicy]
07:36:19.147 [graviteeio-node] INFO  i.g.r.a.s.i.s.p.PolicyPluginHandler - Install plugin: transform-queryparams [io.gravitee.policy.transformqueryparams.TransformQueryParametersPolicy]
07:36:19.155 [graviteeio-node] INFO  i.g.p.f.i.FetcherPluginHandler - Install plugin: github-fetcher [io.gravitee.fetcher.github.GitHubFetcher]
07:36:19.162 [graviteeio-node] INFO  i.g.p.p.internal.PolicyPluginHandler - Install plugin: dynamic-routing [io.gravitee.policy.dynamicrouting.DynamicRoutingPolicy]
07:36:19.167 [graviteeio-node] INFO  i.g.r.a.s.i.s.p.PolicyPluginHandler - Install plugin: dynamic-routing [io.gravitee.policy.dynamicrouting.DynamicRoutingPolicy]
07:36:19.173 [graviteeio-node] INFO  i.g.p.e.i.EntrypointConnectorPluginHandler - Install plugin: http-post [io.gravitee.plugin.entrypoint.http.post.HttpPostEntrypointConnectorFactory]
07:36:19.184 [graviteeio-node] INFO  i.g.r.a.i.c.p.IdentityProviderPluginHandler - Register a new identity provider plugin: inmemory-idp [io.gravitee.rest.api.idp.memory.InMemoryIdentityProvider]
07:36:19.185 [graviteeio-node] INFO  i.g.n.p.s.h.ServicePluginHandler - Install plugin: service-bridge-http-server [io.gravitee.repository.bridge.server.BridgeService]
07:36:19.227 [graviteeio-node] INFO  i.g.p.e.i.EndpointConnectorPluginHandler - Install plugin: http-proxy [io.gravitee.plugin.endpoint.http.proxy.HttpProxyEndpointConnectorFactory]
07:36:19.234 [graviteeio-node] INFO  i.g.p.p.internal.PolicyPluginHandler - Install plugin: rbac [io.gravitee.policy.rbac.RoleBasedAccessControlPolicy]
07:36:19.239 [graviteeio-node] INFO  i.g.r.a.s.i.s.p.PolicyPluginHandler - Install plugin: rbac [io.gravitee.policy.rbac.RoleBasedAccessControlPolicy]
07:36:19.248 [graviteeio-node] INFO  i.g.p.p.internal.PolicyPluginHandler - Install plugin: resource-filtering [io.gravitee.policy.resourcefiltering.ResourceFilteringPolicy]
07:36:19.255 [graviteeio-node] INFO  i.g.r.a.s.i.s.p.PolicyPluginHandler - Install plugin: resource-filtering [io.gravitee.policy.resourcefiltering.ResourceFilteringPolicy]
07:36:19.265 [graviteeio-node] INFO  i.g.p.p.internal.PolicyPluginHandler - Install plugin: policy-override-request-method [io.gravitee.policy.overriderequestmethod.OverrideRequestMethodPolicy]
07:36:19.269 [graviteeio-node] INFO  i.g.r.a.s.i.s.p.PolicyPluginHandler - Install plugin: policy-override-request-method [io.gravitee.policy.overriderequestmethod.OverrideRequestMethodPolicy]
07:36:19.273 [graviteeio-node] INFO  i.g.p.f.i.FetcherPluginHandler - Install plugin: http-fetcher [io.gravitee.fetcher.http.HttpFetcher]
07:36:19.280 [graviteeio-node] INFO  i.g.p.p.internal.PolicyPluginHandler - Install plugin: mock [io.gravitee.policy.mock.MockPolicy]
07:36:19.303 [graviteeio-node] INFO  i.g.r.a.s.i.s.p.PolicyPluginHandler - Install plugin: mock [io.gravitee.policy.mock.MockPolicy]
07:36:19.339 [graviteeio-node] INFO  i.g.r.a.s.i.s.p.PolicyPluginHandler - Add a Swagger visitor for policy: idmock
07:36:19.343 [graviteeio-node] INFO  i.g.p.p.internal.PolicyPluginHandler - Install plugin: policy-request-validation [io.gravitee.policy.requestvalidation.RequestValidationPolicy]
07:36:19.358 [graviteeio-node] INFO  i.g.r.a.s.i.s.p.PolicyPluginHandler - Install plugin: policy-request-validation [io.gravitee.policy.requestvalidation.RequestValidationPolicy]
07:36:19.386 [graviteeio-node] INFO  i.g.r.a.s.i.s.p.PolicyPluginHandler - Add a Swagger visitor for policy: idpolicy-request-validation
07:36:19.387 [graviteeio-node] INFO  i.g.p.p.internal.PolicyPluginHandler - Install plugin: xml-json [io.gravitee.policy.xml2json.XmlToJsonTransformationPolicy]
07:36:19.404 [graviteeio-node] INFO  i.g.r.a.s.i.s.p.PolicyPluginHandler - Install plugin: xml-json [io.gravitee.policy.xml2json.XmlToJsonTransformationPolicy]
07:36:19.428 [graviteeio-node] INFO  i.g.r.a.s.i.s.p.PolicyPluginHandler - Add a Swagger visitor for policy: idxml-json
07:36:19.429 [graviteeio-node] INFO  i.g.p.e.i.EndpointConnectorPluginHandler - Install plugin: kafka [io.gravitee.plugin.endpoint.kafka.KafkaEndpointConnectorFactory]
07:36:19.443 [graviteeio-node] INFO  i.g.p.p.internal.PolicyPluginHandler - Install plugin: http-signature [io.gravitee.policy.httpsignature.HttpSignaturePolicy]
07:36:19.450 [graviteeio-node] INFO  i.g.r.a.s.i.s.p.PolicyPluginHandler - Install plugin: http-signature [io.gravitee.policy.httpsignature.HttpSignaturePolicy]
07:36:19.459 [graviteeio-node] INFO  i.g.p.p.internal.PolicyPluginHandler - Install plugin: json-to-json [io.gravitee.policy.json2json.JsonToJsonTransformationPolicy]
07:36:19.465 [graviteeio-node] INFO  i.g.r.a.s.i.s.p.PolicyPluginHandler - Install plugin: json-to-json [io.gravitee.policy.json2json.JsonToJsonTransformationPolicy]
07:36:19.472 [graviteeio-node] INFO  i.g.n.p.s.h.ServicePluginHandler - Install plugin: subscription-expiration-notifier [io.gravitee.rest.api.services.subscriptionpreexpirationnotif.ScheduledSubscriptionPreExpirationNotificationService]
07:36:19.516 [graviteeio-node] INFO  i.g.p.p.internal.PolicyPluginHandler - Install plugin: ssl-enforcement [io.gravitee.policy.sslenforcement.SslEnforcementPolicy]
07:36:19.521 [graviteeio-node] INFO  i.g.r.a.s.i.s.p.PolicyPluginHandler - Install plugin: ssl-enforcement [io.gravitee.policy.sslenforcement.SslEnforcementPolicy]
07:36:19.528 [graviteeio-node] INFO  i.g.p.p.internal.PolicyPluginHandler - Install plugin: api-key [io.gravitee.policy.apikey.ApiKeyPolicy]
07:36:19.540 [graviteeio-node] INFO  i.g.r.a.s.i.s.p.PolicyPluginHandler - Install plugin: api-key [io.gravitee.policy.apikey.ApiKeyPolicy]
07:36:19.551 [graviteeio-node] INFO  i.g.p.p.internal.PolicyPluginHandler - Install plugin: jwt [io.gravitee.policy.jwt.JWTPolicy]
07:36:19.565 [graviteeio-node] INFO  i.g.r.a.s.i.s.p.PolicyPluginHandler - Install plugin: jwt [io.gravitee.policy.jwt.JWTPolicy]
07:36:19.586 [graviteeio-node] INFO  i.g.p.p.internal.PolicyPluginHandler - Install plugin: rate-limit [io.gravitee.policy.ratelimit.RateLimitPolicy]
07:36:19.597 [graviteeio-node] INFO  i.g.r.a.s.i.s.p.PolicyPluginHandler - Install plugin: rate-limit [io.gravitee.policy.ratelimit.RateLimitPolicy]
07:36:19.606 [graviteeio-node] INFO  i.g.p.f.i.FetcherPluginHandler - Install plugin: gitlab-fetcher [io.gravitee.fetcher.gitlab.GitlabFetcher]
07:36:19.614 [graviteeio-node] INFO  i.g.p.p.internal.PolicyPluginHandler - Install plugin: policy-assign-content [io.gravitee.policy.assigncontent.AssignContentPolicy]
07:36:19.621 [graviteeio-node] INFO  i.g.r.a.s.i.s.p.PolicyPluginHandler - Install plugin: policy-assign-content [io.gravitee.policy.assigncontent.AssignContentPolicy]
07:36:19.632 [graviteeio-node] INFO  i.g.p.p.internal.PolicyPluginHandler - Install plugin: policy-generate-jwt [io.gravitee.policy.generatejwt.GenerateJwtPolicy]
07:36:19.638 [graviteeio-node] INFO  i.g.r.a.s.i.s.p.PolicyPluginHandler - Install plugin: policy-generate-jwt [io.gravitee.policy.generatejwt.GenerateJwtPolicy]
07:36:19.645 [graviteeio-node] INFO  i.g.p.p.internal.PolicyPluginHandler - Install plugin: spike-arrest [io.gravitee.policy.spike.SpikeArrestPolicy]
07:36:19.651 [graviteeio-node] INFO  i.g.r.a.s.i.s.p.PolicyPluginHandler - Install plugin: spike-arrest [io.gravitee.policy.spike.SpikeArrestPolicy]
07:36:19.656 [graviteeio-node] INFO  i.g.p.p.internal.PolicyPluginHandler - Install plugin: url-rewriting [io.gravitee.policy.urlrewriting.URLRewritingPolicy]
07:36:19.664 [graviteeio-node] INFO  i.g.r.a.s.i.s.p.PolicyPluginHandler - Install plugin: url-rewriting [io.gravitee.policy.urlrewriting.URLRewritingPolicy]
07:36:19.672 [graviteeio-node] INFO  i.g.p.p.internal.PolicyPluginHandler - Install plugin: key-less [io.gravitee.policy.keyless.KeylessPolicy]
07:36:19.675 [graviteeio-node] INFO  i.g.p.p.i.PolicyConfigurationClassFinder - No policy configuration class defined for policy io.gravitee.policy.keyless.KeylessPolicy
07:36:19.676 [graviteeio-node] INFO  i.g.r.a.s.i.s.p.PolicyPluginHandler - Install plugin: key-less [io.gravitee.policy.keyless.KeylessPolicy]
07:36:19.678 [graviteeio-node] INFO  i.g.p.p.i.PolicyConfigurationClassFinder - No policy configuration class defined for policy io.gravitee.policy.keyless.KeylessPolicy
07:36:19.683 [graviteeio-node] INFO  i.g.r.a.i.c.p.IdentityProviderPluginHandler - Register a new identity provider plugin: ldap-idp [io.gravitee.rest.api.idp.ldap.LdapIdentityProvider]
07:36:19.684 [graviteeio-node] INFO  i.g.p.p.internal.PolicyPluginHandler - Install plugin: policy-assign-attributes [io.gravitee.policy.assignattributes.AssignAttributesPolicy]
07:36:19.687 [graviteeio-node] INFO  i.g.r.a.s.i.s.p.PolicyPluginHandler - Install plugin: policy-assign-attributes [io.gravitee.policy.assignattributes.AssignAttributesPolicy]
07:36:19.694 [graviteeio-node] INFO  i.g.p.e.i.EntrypointConnectorPluginHandler - Install plugin: http-get [io.gravitee.plugin.entrypoint.http.get.HttpGetEntrypointConnectorFactory]
07:36:19.700 [graviteeio-node] INFO  i.g.p.p.internal.PolicyPluginHandler - Install plugin: quota [io.gravitee.policy.quota.QuotaPolicy]
07:36:19.712 [graviteeio-node] INFO  i.g.r.a.s.i.s.p.PolicyPluginHandler - Install plugin: quota [io.gravitee.policy.quota.QuotaPolicy]
07:36:19.718 [graviteeio-node] INFO  i.g.n.p.s.h.ServicePluginHandler - Install plugin: mgmt-service-dynamicproperties [io.gravitee.rest.api.services.dynamicproperties.DynamicPropertiesService]
07:36:19.737 [graviteeio-node] INFO  i.g.p.r.i.ResourcePluginHandler - Install plugin: oauth2 [io.gravitee.resource.oauth2.generic.OAuth2GenericResource]
07:36:19.743 [graviteeio-node] INFO  i.g.p.p.internal.PolicyPluginHandler - Install plugin: ip-filtering [io.gravitee.policy.ipfiltering.IPFilteringPolicy]
07:36:19.749 [graviteeio-node] INFO  i.g.r.a.s.i.s.p.PolicyPluginHandler - Install plugin: ip-filtering [io.gravitee.policy.ipfiltering.IPFilteringPolicy]
07:36:19.755 [graviteeio-node] INFO  i.g.p.c.i.ConnectorPluginHandler - Install plugin: connector-http [io.gravitee.connector.http.HttpConnectorFactory]
07:36:19.762 [graviteeio-node] INFO  i.g.p.c.i.ConnectorConfigurationClassFinder - No connector configuration class defined for connector io.gravitee.connector.http.HttpConnectorFactory
07:36:19.782 [graviteeio-node] INFO  i.g.p.p.internal.PolicyPluginHandler - Install plugin: metrics-reporter [io.gravitee.policy.metricsreporter.MetricsReporterPolicy]
07:36:19.787 [graviteeio-node] INFO  i.g.r.a.s.i.s.p.PolicyPluginHandler - Install plugin: metrics-reporter [io.gravitee.policy.metricsreporter.MetricsReporterPolicy]
07:36:19.797 [graviteeio-node] INFO  i.g.p.p.internal.PolicyPluginHandler - Install plugin: json-validation [io.gravitee.policy.jsonvalidation.JsonValidationPolicy]
07:36:19.802 [graviteeio-node] INFO  i.g.r.a.s.i.s.p.PolicyPluginHandler - Install plugin: json-validation [io.gravitee.policy.jsonvalidation.JsonValidationPolicy]
07:36:19.811 [graviteeio-node] INFO  i.g.r.a.s.i.s.p.PolicyPluginHandler - Add a Swagger visitor for policy: idjson-validation
07:36:19.811 [graviteeio-node] INFO  i.g.n.p.s.h.ServicePluginHandler - Install plugin: mgmt-service-sync [io.gravitee.rest.api.services.sync.ScheduledSyncService]
07:36:19.837 [graviteeio-node] INFO  i.g.p.p.internal.PolicyPluginHandler - Install plugin: json-xml [io.gravitee.policy.json2xml.JsonToXmlTransformationPolicy]
07:36:19.847 [graviteeio-node] INFO  i.g.r.a.s.i.s.p.PolicyPluginHandler - Install plugin: json-xml [io.gravitee.policy.json2xml.JsonToXmlTransformationPolicy]
07:36:19.862 [graviteeio-node] INFO  i.g.p.e.i.EntrypointConnectorPluginHandler - Install plugin: websocket [io.gravitee.plugin.entrypoint.websocket.WebSocketEntrypointConnectorFactory]
07:36:19.869 [graviteeio-node] INFO  i.g.p.p.internal.PolicyPluginHandler - Install plugin: transform-headers [io.gravitee.policy.transformheaders.TransformHeadersPolicy]
07:36:19.873 [graviteeio-node] INFO  i.g.r.a.s.i.s.p.PolicyPluginHandler - Install plugin: transform-headers [io.gravitee.policy.transformheaders.TransformHeadersPolicy]
07:36:19.879 [graviteeio-node] INFO  i.g.p.r.i.ResourcePluginHandler - Install plugin: cache [io.gravitee.resource.cache.InMemoryCacheResource]
07:36:19.882 [graviteeio-node] INFO  i.g.p.p.internal.PolicyPluginHandler - Install plugin: xslt [io.gravitee.policy.xslt.XSLTTransformationPolicy]
07:36:19.886 [graviteeio-node] INFO  i.g.r.a.s.i.s.p.PolicyPluginHandler - Install plugin: xslt [io.gravitee.policy.xslt.XSLTTransformationPolicy]
07:36:19.893 [graviteeio-node] INFO  i.g.p.n.i.NotifierPluginHandler - Install plugin: email-notifier [io.gravitee.notifier.email.EmailNotifier]
07:36:19.898 [graviteeio-node] INFO  i.g.p.p.internal.PolicyPluginHandler - Install plugin: generate-http-signature [io.gravitee.policy.generatehttpsignature.GenerateHttpSignaturePolicy]
07:36:19.903 [graviteeio-node] INFO  i.g.r.a.s.i.s.p.PolicyPluginHandler - Install plugin: generate-http-signature [io.gravitee.policy.generatehttpsignature.GenerateHttpSignaturePolicy]
07:36:19.908 [graviteeio-node] INFO  i.g.n.p.s.h.ServicePluginHandler - Install plugin: auto-fetch [io.gravitee.rest.api.services.fetcher.ScheduledAutoFetchService]
07:36:19.920 [graviteeio-node] INFO  i.g.p.p.internal.PolicyPluginHandler - Install plugin: request-content-limit [io.gravitee.policy.rcl.RequestContentLimitPolicy]
07:36:19.925 [graviteeio-node] INFO  i.g.r.a.s.i.s.p.PolicyPluginHandler - Install plugin: request-content-limit [io.gravitee.policy.rcl.RequestContentLimitPolicy]
07:36:19.929 [graviteeio-node] INFO  i.g.p.p.internal.PolicyPluginHandler - Install plugin: oauth2 [io.gravitee.policy.oauth2.Oauth2Policy]
07:36:19.937 [graviteeio-node] INFO  i.g.r.a.s.i.s.p.PolicyPluginHandler - Install plugin: oauth2 [io.gravitee.policy.oauth2.Oauth2Policy]
07:36:19.945 [graviteeio-node] INFO  i.g.n.p.s.h.ServicePluginHandler - Install plugin: mgmt-service-dictionary [io.gravitee.rest.api.services.dictionary.DictionaryService]
07:36:19.959 [graviteeio-node] INFO  i.g.p.p.internal.PolicyPluginHandler - Install plugin: policy-http-callout [io.gravitee.policy.callout.CalloutHttpPolicy]
07:36:19.965 [graviteeio-node] INFO  i.g.r.a.s.i.s.p.PolicyPluginHandler - Install plugin: policy-http-callout [io.gravitee.policy.callout.CalloutHttpPolicy]
07:36:19.989 [graviteeio-node] INFO  i.g.p.c.internal.PluginRegistryImpl - Plugins have been loaded and installed.
07:36:19.990 [graviteeio-node] INFO  i.g.r.a.s.node.GraviteeApisNode - 	Starting component: ServiceManager
07:36:19.991 [graviteeio-node] INFO  i.g.common.service.AbstractService - Initializing service Plugins - Services Manager
07:36:19.993 [graviteeio-node] INFO  i.g.common.service.AbstractService - Initializing service Search Indexer Service
07:36:19.993 [graviteeio-node] INFO  i.g.r.a.s.s.ScheduledSearchIndexerService - Search Indexer service has been initialized with cron [*/5 * * * * *]
07:36:19.994 [graviteeio-node] INFO  i.g.common.service.AbstractService - Initializing service Subscriptions Refresher Service
07:36:19.995 [graviteeio-node] INFO  i.g.r.a.s.s.ScheduledSubscriptionsService - Subscriptions Refresher service has been initialized with cron [0 1 * * * *]
07:36:19.998 [graviteeio-node] INFO  i.g.r.a.s.s.ScheduledSubscriptionPreExpirationNotificationService - Subscription Pre Expiration Notification service has been initialized with cron [0 0 */1 * * *]
07:36:19.999 [graviteeio-node] INFO  i.g.common.service.AbstractService - Initializing service Dynamic Properties Service
07:36:19.999 [graviteeio-node] INFO  i.g.c.event.impl.EventManagerImpl - Register new listener DynamicPropertiesService for event type class io.gravitee.rest.api.service.event.ApiEvent
07:36:20.000 [graviteeio-node] INFO  i.g.common.service.AbstractService - Initializing service Sync Service
07:36:20.000 [graviteeio-node] INFO  i.g.r.a.s.sync.ScheduledSyncService - Sync service has been initialized with cron [*/5 * * * * *]
07:36:20.001 [graviteeio-node] INFO  i.g.common.service.AbstractService - Initializing service Auto Fetch Service
07:36:20.002 [graviteeio-node] INFO  i.g.r.a.s.f.ScheduledAutoFetchService - Auto Fetch service has been initialized with cron [0 */5 * * * *]
07:36:20.005 [graviteeio-node] INFO  i.g.common.service.AbstractService - Initializing service Dictionary Service
07:36:20.005 [graviteeio-node] INFO  i.g.c.event.impl.EventManagerImpl - Register new listener DictionaryService for event type class io.gravitee.rest.api.service.event.DictionaryEvent
07:36:20.006 [graviteeio-node] INFO  i.g.r.a.s.node.GraviteeApisNode - 	Starting component: ManagementService
07:36:20.007 [graviteeio-node] INFO  i.g.common.service.AbstractService - Initializing service Node Management API service
07:36:20.015 [graviteeio-node] INFO  i.g.r.a.s.node.GraviteeApisNode - 	Starting component: NodeMonitoringEventHandler
07:36:20.018 [graviteeio-node] INFO  i.g.common.service.AbstractService - Initializing service io.gravitee.node.monitoring.handler.NodeMonitoringEventHandler
07:36:20.018 [vert.x-eventloop-thread-2] INFO  i.g.n.m.h.v.v.ManagementVerticle - Start HTTP listener for Node Management API
07:36:20.025 [graviteeio-node] INFO  i.g.r.a.s.node.GraviteeApisNode - 	Starting component: NodeInfosService
07:36:20.026 [graviteeio-node] INFO  i.g.n.m.infos.NodeInfosService - Starting node infos service
07:36:20.028 [graviteeio-node] INFO  i.g.common.service.AbstractService - Initializing service Node Infos Service
07:36:20.041 [graviteeio-node] INFO  i.g.n.m.infos.NodeInfosService - Start node infos service: DONE
07:36:20.043 [graviteeio-node] INFO  i.g.r.a.s.node.GraviteeApisNode - 	Starting component: NodeHealthCheckService
07:36:20.044 [graviteeio-node] INFO  i.g.common.service.AbstractService - Initializing service Node Health-check service
07:36:20.059 [vert.x-eventloop-thread-2] INFO  i.g.n.m.h.v.e.ManagementEndpointManagerImpl - Register a new endpoint for Management API: GET / [io.gravitee.node.management.http.node.NodeEndpoint]
07:36:20.060 [graviteeio-node] INFO  i.g.n.m.h.v.e.ManagementEndpointManagerImpl - Register a new endpoint for Management API: GET /health [io.gravitee.node.monitoring.healthcheck.NodeHealthCheckManagementEndpoint]
07:36:20.060 [vert.x-eventloop-thread-2] INFO  i.g.n.m.h.v.e.ManagementEndpointManagerImpl - Register a new endpoint for Management API: GET /configuration [io.gravitee.node.management.http.configuration.ConfigurationEndpoint]
07:36:20.061 [vert.x-eventloop-thread-2] INFO  i.g.n.m.h.v.v.ManagementVerticle - HTTP listener for Node Management bind to port TCP:18083
07:36:20.062 [graviteeio-node] INFO  i.g.r.a.s.node.GraviteeApisNode - 	Starting component: NodeMonitorService
07:36:20.063 [graviteeio-node] INFO  i.g.common.service.AbstractService - Initializing service Node Monitor Service
07:36:20.278 [graviteeio-node] INFO  i.g.n.m.monitor.NodeMonitorService - Node monitoring scheduled with fixed delay 5000 MILLISECONDS 
07:36:20.279 [graviteeio-node] INFO  i.g.n.m.h.v.e.ManagementEndpointManagerImpl - Register a new endpoint for Management API: GET /monitor [io.gravitee.node.monitoring.monitor.NodeMonitorManagementEndpoint]
07:36:20.280 [graviteeio-node] INFO  i.g.r.a.s.node.GraviteeApisNode - 	Starting component: ReporterManager
07:36:20.281 [graviteeio-node] INFO  i.g.common.service.AbstractService - Initializing service Reporter service
07:36:20.282 [graviteeio-node] INFO  i.g.r.a.s.node.GraviteeApisNode - 	Starting component: KeyStoreLoaderManager
07:36:20.283 [graviteeio-node] INFO  i.g.common.service.AbstractService - Initializing service io.gravitee.node.certificates.KeyStoreLoaderManager
07:36:20.283 [graviteeio-node] INFO  i.g.r.a.s.node.GraviteeApisNode - 	Starting component: InitializerService
07:36:20.284 [graviteeio-node] INFO  i.g.common.service.AbstractService - Initializing service Upgrader service
07:36:20.285 [vert.x-eventloop-thread-1] INFO  i.g.n.r.vertx.ReporterManagerImpl - 	There is no reporter to start
07:36:20.286 [graviteeio-node] INFO  i.g.r.a.s.impl.UpgraderServiceImpl - Running upgrader io.gravitee.rest.api.service.impl.upgrade.DefaultInstallationUpgrader
07:36:20.312 [graviteeio-node] INFO  i.g.r.a.s.i.u.DefaultInstallationUpgrader - Current installation id is [3b7b094d-46b2-4b2b-bb09-4d46b2eb2b7f]
07:36:20.313 [graviteeio-node] INFO  i.g.r.a.s.impl.UpgraderServiceImpl - Running upgrader io.gravitee.rest.api.service.impl.upgrade.DefaultEnvironmentUpgrader
07:36:20.356 [graviteeio-node] INFO  i.g.r.a.s.i.u.DefaultEnvironmentUpgrader -     No environment found. Add default one.
07:36:20.419 [graviteeio-node] INFO  i.g.r.a.s.impl.UpgraderServiceImpl - Running upgrader io.gravitee.rest.api.service.impl.upgrade.DefaultDashboardsUpgrader
07:36:20.426 [graviteeio-node] INFO  i.g.r.a.s.i.u.DefaultDashboardsUpgrader -     No default PLATFORM's dashboards, creating default ones...
07:36:20.639 [graviteeio-node] INFO  i.g.r.a.s.i.u.DefaultDashboardsUpgrader -     Added default PLATFORM's dashboards with success
07:36:20.640 [graviteeio-node] INFO  i.g.r.a.s.i.u.DefaultDashboardsUpgrader -     No default API's dashboards, creating default ones...
07:36:20.683 [graviteeio-node] INFO  i.g.r.a.s.i.u.DefaultDashboardsUpgrader -     Added default API's dashboards with success
07:36:20.684 [graviteeio-node] INFO  i.g.r.a.s.i.u.DefaultDashboardsUpgrader -     No default APPLICATION's dashboards, creating default ones...
07:36:20.730 [graviteeio-node] INFO  i.g.r.a.s.i.u.DefaultDashboardsUpgrader -     Added default APPLICATION's dashboards with success
07:36:20.731 [graviteeio-node] INFO  i.g.r.a.s.impl.UpgraderServiceImpl - Running upgrader io.gravitee.rest.api.service.impl.upgrade.DocumentationSystemFolderUpgrader
07:36:20.738 [graviteeio-node] INFO  i.g.r.a.s.i.u.EnvironmentUpgrader - Starting DocumentationSystemFolderUpgrader for ExecutionContext{organizationId='DEFAULT', environmentId=Optional[DEFAULT]}
07:36:20.751 [graviteeio-node] INFO  i.g.r.a.s.i.u.DocumentationSystemFolderUpgrader - No system folders found. Add system folders in documentation, for portal and each API.
07:36:21.333 [graviteeio-node] INFO  i.g.r.a.s.impl.UpgraderServiceImpl - Running upgrader io.gravitee.rest.api.service.impl.upgrade.DefaultOrganizationUpgrader
07:36:21.337 [graviteeio-node] INFO  i.g.r.a.s.i.u.DefaultOrganizationUpgrader -     No organization found. Add default one.
07:36:21.445 [graviteeio-node] INFO  i.g.r.a.s.impl.UpgraderServiceImpl - Running upgrader io.gravitee.rest.api.service.impl.upgrade.DefaultMetadataUpgrader
07:36:21.453 [graviteeio-node] INFO  i.g.r.a.s.i.u.DefaultMetadataUpgrader -     No default metadata for email support found. Add default one.
07:36:21.523 [graviteeio-node] INFO  i.g.r.a.s.i.u.DefaultMetadataUpgrader -     Added default metadata for email support with success: MetadataEntity{key='email-support', name='Email support', format=MAIL, value='support@change.me'}
07:36:21.527 [graviteeio-node] INFO  i.g.r.a.s.impl.UpgraderServiceImpl - Running upgrader io.gravitee.rest.api.service.impl.upgrade.OrphanCategoryUpgrader
07:36:21.532 [graviteeio-node] INFO  i.g.r.a.s.i.upgrade.OneShotUpgrader - Starting OrphanCategoryUpgrader execution with dry-run disabled
07:36:21.577 [graviteeio-node] INFO  i.g.r.a.s.i.upgrade.OneShotUpgrader - Finishing OrphanCategoryUpgrader execution
07:36:21.577 [graviteeio-node] INFO  i.g.r.a.s.impl.UpgraderServiceImpl - Running upgrader io.gravitee.rest.api.service.impl.upgrade.DefaultRolesUpgrader
07:36:21.581 [graviteeio-node] INFO  i.g.r.a.s.i.upgrade.OneShotUpgrader - Starting DefaultRolesUpgrader execution with dry-run disabled
07:36:21.600 [graviteeio-node] INFO  i.g.r.a.service.impl.RoleServiceImpl -      - <ORGANIZATION> USER (default)
07:36:21.714 [graviteeio-node] INFO  i.g.r.a.service.impl.RoleServiceImpl -      - <ENVIRONMENT> API_PUBLISHER
07:36:21.740 [graviteeio-node] INFO  i.g.r.a.service.impl.RoleServiceImpl -      - <ENVIRONMENT> USER (default)
07:36:21.768 [graviteeio-node] INFO  i.g.r.a.service.impl.RoleServiceImpl -      - <API> USER (default)
07:36:21.806 [graviteeio-node] INFO  i.g.r.a.service.impl.RoleServiceImpl -      - <API> OWNER
07:36:21.835 [graviteeio-node] INFO  i.g.r.a.service.impl.RoleServiceImpl -      - <API> REVIEWER
07:36:21.865 [graviteeio-node] INFO  i.g.r.a.service.impl.RoleServiceImpl -      - <APPLICATION> USER (default)
07:36:21.895 [graviteeio-node] INFO  i.g.r.a.service.impl.RoleServiceImpl -      - <APPLICATION> OWNER
07:36:21.925 [graviteeio-node] INFO  i.g.r.a.service.impl.RoleServiceImpl -       - <ORGANIZATION> ADMIN (system)
07:36:21.936 [graviteeio-node] INFO  i.g.r.a.service.impl.RoleServiceImpl -       - <ENVIRONMENT> ADMIN (system)
07:36:21.950 [graviteeio-node] INFO  i.g.r.a.service.impl.RoleServiceImpl -       - <API> PRIMARY_OWNER (system)
07:36:21.964 [graviteeio-node] INFO  i.g.r.a.service.impl.RoleServiceImpl -       - <APPLICATION> PRIMARY_OWNER (system)
07:36:21.977 [graviteeio-node] INFO  i.g.r.a.service.impl.RoleServiceImpl -       - <GROUP> ADMIN (system)
07:36:22.000 [graviteeio-node] INFO  i.g.r.a.s.i.upgrade.OneShotUpgrader - Finishing DefaultRolesUpgrader execution
07:36:22.001 [graviteeio-node] INFO  i.g.r.a.s.impl.UpgraderServiceImpl - Running upgrader io.gravitee.rest.api.service.impl.upgrade.DefaultOrganizationAdminRoleUpgrader
07:36:22.006 [graviteeio-node] INFO  i.g.r.a.s.i.u.OrganizationUpgrader - Starting DefaultOrganizationAdminRoleUpgrader for ExecutionContext{organizationId='DEFAULT', environmentId=Optional.empty}
07:36:22.007 [graviteeio-node] INFO  i.g.r.a.service.impl.RoleServiceImpl -       - <ORGANIZATION> ADMIN (system)
07:36:22.017 [graviteeio-node] INFO  i.g.r.a.s.impl.UpgraderServiceImpl - Running upgrader io.gravitee.rest.api.service.impl.upgrade.ApiPrimaryOwnerRemovalUpgrader
07:36:22.040 [graviteeio-node] INFO  i.g.r.a.s.impl.UpgraderServiceImpl - Running upgrader io.gravitee.rest.api.service.impl.upgrade.DefaultCategoryUpgrader
07:36:22.044 [graviteeio-node] INFO  i.g.r.a.s.impl.UpgraderServiceImpl - Running upgrader io.gravitee.rest.api.service.impl.upgrade.DefaultUserStatusUpgrader
07:36:22.048 [graviteeio-node] INFO  i.g.r.a.s.i.u.OrganizationUpgrader - Starting DefaultUserStatusUpgrader for ExecutionContext{organizationId='DEFAULT', environmentId=Optional.empty}
07:36:22.067 [graviteeio-node] INFO  i.g.r.a.s.impl.UpgraderServiceImpl - Running upgrader io.gravitee.rest.api.service.impl.upgrade.CockpitIdUpgrader
07:36:22.084 [graviteeio-node] INFO  i.g.r.a.s.impl.UpgraderServiceImpl - Running upgrader io.gravitee.rest.api.service.impl.upgrade.DefaultPageRevisionUpgrader
07:36:22.094 [graviteeio-node] INFO  i.g.r.a.s.i.u.DefaultPageRevisionUpgrader - No page revisions found. Create a default revision based on pages.
07:36:22.139 [graviteeio-node] INFO  i.g.r.a.s.impl.UpgraderServiceImpl - Running upgrader io.gravitee.rest.api.service.impl.upgrade.DefaultParameterUpgrader
07:36:22.139 [graviteeio-node] INFO  i.g.r.a.s.impl.UpgraderServiceImpl - Running upgrader io.gravitee.rest.api.service.impl.upgrade.SearchIndexUpgrader
07:36:22.151 [graviteeio-node] INFO  i.g.r.a.s.impl.UpgraderServiceImpl - Running upgrader io.gravitee.rest.api.service.impl.upgrade.DefaultApiHeaderUpgrader
07:36:22.155 [graviteeio-node] INFO  i.g.r.a.s.i.u.EnvironmentUpgrader - Starting DefaultApiHeaderUpgrader for ExecutionContext{organizationId='DEFAULT', environmentId=Optional[DEFAULT]}
07:36:22.162 [graviteeio-node] INFO  i.g.r.a.s.i.u.DefaultApiHeaderUpgrader - Create default API Headers configuration for ExecutionContext{organizationId='DEFAULT', environmentId=Optional[DEFAULT]}
07:36:22.269 [graviteeio-node] INFO  i.g.r.a.s.impl.UpgraderServiceImpl - Running upgrader io.gravitee.rest.api.service.impl.upgrade.IdentityProviderUpgrader
07:36:22.269 [graviteeio-node] INFO  i.g.r.a.s.impl.UpgraderServiceImpl - Running upgrader io.gravitee.rest.api.service.impl.upgrade.DefaultThemeUpgrader
07:36:22.272 [graviteeio-node] INFO  i.g.r.a.s.i.u.EnvironmentUpgrader - Starting DefaultThemeUpgrader for ExecutionContext{organizationId='DEFAULT', environmentId=Optional[DEFAULT]}
07:36:22.282 [graviteeio-node] INFO  i.g.r.a.s.impl.UpgraderServiceImpl - Running upgrader io.gravitee.rest.api.service.impl.upgrade.IdentityProviderActivationUpgrader
07:36:22.292 [graviteeio-node] INFO  i.g.r.a.s.i.u.IdentityProviderActivationUpgrader -     No activation found. Active all idp on all target by default if enabled.
07:36:22.303 [graviteeio-node] INFO  i.g.r.a.s.impl.UpgraderServiceImpl - Running upgrader io.gravitee.rest.api.service.impl.upgrade.ApplicationApiKeyModeUpgrader
07:36:22.306 [graviteeio-node] INFO  i.g.r.a.s.i.upgrade.OneShotUpgrader - Starting ApplicationApiKeyModeUpgrader execution with dry-run disabled
07:36:22.341 [graviteeio-node] INFO  i.g.r.a.s.i.upgrade.OneShotUpgrader - Finishing ApplicationApiKeyModeUpgrader execution
07:36:22.342 [graviteeio-node] INFO  i.g.r.a.s.impl.UpgraderServiceImpl - Running upgrader io.gravitee.rest.api.service.impl.upgrade.AlertsEnvironmentUpgrader
07:36:22.350 [graviteeio-node] INFO  i.g.r.a.s.i.upgrade.OneShotUpgrader - Starting AlertsEnvironmentUpgrader execution with dry-run disabled
07:36:22.374 [graviteeio-node] INFO  i.g.r.a.s.i.upgrade.OneShotUpgrader - Finishing AlertsEnvironmentUpgrader execution
07:36:22.376 [graviteeio-node] INFO  i.g.r.a.s.impl.UpgraderServiceImpl - Running upgrader io.gravitee.rest.api.service.impl.upgrade.CommandOrganizationUpgrader
07:36:22.379 [graviteeio-node] INFO  i.g.r.a.s.i.upgrade.OneShotUpgrader - Starting CommandOrganizationUpgrader execution with dry-run disabled
07:36:22.424 [graviteeio-node] INFO  i.g.r.a.s.i.upgrade.OneShotUpgrader - Finishing CommandOrganizationUpgrader execution
07:36:22.425 [graviteeio-node] INFO  i.g.r.a.s.impl.UpgraderServiceImpl - Running upgrader io.gravitee.rest.api.service.impl.upgrade.PlansDataFixUpgrader
07:36:22.428 [graviteeio-node] INFO  i.g.r.a.s.i.upgrade.OneShotUpgrader - Starting PlansDataFixUpgrader execution with dry-run disabled
07:36:22.439 [graviteeio-node] INFO  i.g.r.a.s.i.u.PlansDataFixUpgrader - No plan data anomaly found
07:36:22.450 [graviteeio-node] INFO  i.g.r.a.s.i.upgrade.OneShotUpgrader - Finishing PlansDataFixUpgrader execution
07:36:22.451 [graviteeio-node] INFO  i.g.r.a.s.impl.UpgraderServiceImpl - Running upgrader io.gravitee.rest.api.service.impl.upgrade.ApiKeySubscriptionsUpgrader
07:36:22.455 [graviteeio-node] INFO  i.g.r.a.s.i.upgrade.OneShotUpgrader - Starting ApiKeySubscriptionsUpgrader execution with dry-run disabled
07:36:22.476 [graviteeio-node] INFO  i.g.r.a.s.i.upgrade.OneShotUpgrader - Finishing ApiKeySubscriptionsUpgrader execution
07:36:22.477 [graviteeio-node] INFO  i.g.r.a.s.impl.UpgraderServiceImpl - Running upgrader io.gravitee.rest.api.service.impl.upgrade.ApiLoggingConditionUpgrader
07:36:22.480 [graviteeio-node] INFO  i.g.r.a.s.i.upgrade.OneShotUpgrader - Starting ApiLoggingConditionUpgrader execution with dry-run disabled
07:36:22.502 [graviteeio-node] INFO  i.g.r.a.s.i.upgrade.OneShotUpgrader - Finishing ApiLoggingConditionUpgrader execution
07:36:22.503 [graviteeio-node] INFO  i.g.r.a.s.impl.UpgraderServiceImpl - Running upgrader io.gravitee.rest.api.service.impl.upgrade.PlansFlowsDefinitionUpgrader
07:36:22.506 [graviteeio-node] INFO  i.g.r.a.s.i.upgrade.OneShotUpgrader - Starting PlansFlowsDefinitionUpgrader execution with dry-run disabled
07:36:22.524 [graviteeio-node] INFO  i.g.r.a.s.i.upgrade.OneShotUpgrader - Finishing PlansFlowsDefinitionUpgrader execution
07:36:22.525 [graviteeio-node] INFO  i.g.r.a.s.node.GraviteeApisNode - 	Starting component: JettyEmbeddedContainer
07:36:22.595 [graviteeio-node] INFO  org.eclipse.jetty.server.Server - jetty-9.4.44.v20210927; built: 2021-09-27T23:02:44.612Z; git: 8da83308eeca865e495e53ef315a249d63ba9332; jvm 17.0.5+8
07:36:22.617 [graviteeio-node] INFO  o.e.jetty.server.RequestLogWriter - Opened /opt/graviteeio-management-api/logs/gravitee_accesslog_2023_01_12.log
07:36:22.630 [graviteeio-node] INFO  org.eclipse.jetty.server.session - DefaultSessionIdManager workerName=node0
07:36:22.631 [graviteeio-node] INFO  org.eclipse.jetty.server.session - No SessionScavenger set, using defaults
07:36:22.633 [graviteeio-node] INFO  org.eclipse.jetty.server.session - node0 Scavenging every 660000ms
07:36:22.640 [graviteeio-node] INFO  o.e.j.s.h.ContextHandler.portal - Initializing Spring root WebApplicationContext
07:36:22.719 [graviteeio-node] INFO  i.g.r.a.s.a.i.AuthenticationProviderManagerImpl - Loading authentication providers
07:36:22.746 [graviteeio-node] INFO  i.g.r.a.p.s.c.BasicSecurityConfigurerAdapter - --------------------------------------------------------------
07:36:22.746 [graviteeio-node] INFO  i.g.r.a.p.s.c.BasicSecurityConfigurerAdapter - Portal API BasicSecurity Config
07:36:22.746 [graviteeio-node] INFO  i.g.r.a.p.s.c.BasicSecurityConfigurerAdapter - Loading authentication identity providers for Basic authentication
07:36:22.747 [graviteeio-node] INFO  i.g.r.a.p.s.c.BasicSecurityConfigurerAdapter - Loading authentication provider of type memory at position 0
07:36:22.794 [graviteeio-node] INFO  i.g.r.a.p.s.c.BasicSecurityConfigurerAdapter - Loading authentication provider of type gravitee at position 1
07:36:22.817 [graviteeio-node] INFO  i.g.r.a.p.s.c.BasicSecurityConfigurerAdapter - --------------------------------------------------------------
07:36:22.878 [graviteeio-node] WARN  i.g.r.a.p.s.c.BasicSecurityConfigurerAdapter - 
07:36:22.879 [graviteeio-node] WARN  i.g.r.a.p.s.c.BasicSecurityConfigurerAdapter - ##############################################################
07:36:22.879 [graviteeio-node] WARN  i.g.r.a.p.s.c.BasicSecurityConfigurerAdapter - #                      SECURITY WARNING                      #
07:36:22.879 [graviteeio-node] WARN  i.g.r.a.p.s.c.BasicSecurityConfigurerAdapter - ##############################################################
07:36:22.880 [graviteeio-node] WARN  i.g.r.a.p.s.c.BasicSecurityConfigurerAdapter - 
07:36:22.880 [graviteeio-node] WARN  i.g.r.a.p.s.c.BasicSecurityConfigurerAdapter - You still use the default jwt secret.
07:36:22.880 [graviteeio-node] WARN  i.g.r.a.p.s.c.BasicSecurityConfigurerAdapter - This known secret can be used to impersonate anyone.
07:36:22.880 [graviteeio-node] WARN  i.g.r.a.p.s.c.BasicSecurityConfigurerAdapter - Please change this value, or ask your administrator to do it !
07:36:22.881 [graviteeio-node] WARN  i.g.r.a.p.s.c.BasicSecurityConfigurerAdapter - 
07:36:22.881 [graviteeio-node] WARN  i.g.r.a.p.s.c.BasicSecurityConfigurerAdapter - ##############################################################
07:36:22.881 [graviteeio-node] WARN  i.g.r.a.p.s.c.BasicSecurityConfigurerAdapter - 
07:36:24.555 [graviteeio-node] INFO  o.e.j.server.handler.ContextHandler - Started o.e.j.s.ServletContextHandler@b7461ac{/portal,null,AVAILABLE}
07:36:24.556 [graviteeio-node] INFO  o.e.j.s.h.ContextHandler.management - Initializing Spring root WebApplicationContext
07:36:24.582 [graviteeio-node] INFO  i.g.r.a.s.a.i.AuthenticationProviderManagerImpl - Loading authentication providers
07:36:24.592 [graviteeio-node] INFO  i.g.r.a.m.s.c.BasicSecurityConfigurerAdapter - --------------------------------------------------------------
07:36:24.593 [graviteeio-node] INFO  i.g.r.a.m.s.c.BasicSecurityConfigurerAdapter - Management API BasicSecurity Config
07:36:24.593 [graviteeio-node] INFO  i.g.r.a.m.s.c.BasicSecurityConfigurerAdapter - Loading authentication identity providers for Basic authentication
07:36:24.594 [graviteeio-node] INFO  i.g.r.a.m.s.c.BasicSecurityConfigurerAdapter - Loading authentication provider of type memory at position 0
07:36:24.605 [graviteeio-node] INFO  i.g.r.a.m.s.c.BasicSecurityConfigurerAdapter - Loading authentication provider of type gravitee at position 1
07:36:24.616 [graviteeio-node] INFO  i.g.r.a.m.s.c.BasicSecurityConfigurerAdapter - --------------------------------------------------------------
07:36:24.617 [graviteeio-node] WARN  i.g.r.a.m.s.c.BasicSecurityConfigurerAdapter - 
07:36:24.617 [graviteeio-node] WARN  i.g.r.a.m.s.c.BasicSecurityConfigurerAdapter - ##############################################################
07:36:24.617 [graviteeio-node] WARN  i.g.r.a.m.s.c.BasicSecurityConfigurerAdapter - #                      SECURITY WARNING                      #
07:36:24.618 [graviteeio-node] WARN  i.g.r.a.m.s.c.BasicSecurityConfigurerAdapter - ##############################################################
07:36:24.618 [graviteeio-node] WARN  i.g.r.a.m.s.c.BasicSecurityConfigurerAdapter - 
07:36:24.618 [graviteeio-node] WARN  i.g.r.a.m.s.c.BasicSecurityConfigurerAdapter - You still use the default jwt secret.
07:36:24.618 [graviteeio-node] WARN  i.g.r.a.m.s.c.BasicSecurityConfigurerAdapter - This known secret can be used to impersonate anyone.
07:36:24.619 [graviteeio-node] WARN  i.g.r.a.m.s.c.BasicSecurityConfigurerAdapter - Please change this value, or ask your administrator to do it !
07:36:24.619 [graviteeio-node] WARN  i.g.r.a.m.s.c.BasicSecurityConfigurerAdapter - 
07:36:24.619 [graviteeio-node] WARN  i.g.r.a.m.s.c.BasicSecurityConfigurerAdapter - ##############################################################
07:36:24.620 [graviteeio-node] WARN  i.g.r.a.m.s.c.BasicSecurityConfigurerAdapter - 
07:36:24.799 [graviteeio-node] INFO  o.e.j.server.handler.ContextHandler - Started o.e.j.s.ServletContextHandler@7df7b502{/management,null,AVAILABLE}
07:36:24.812 [graviteeio-node] INFO  o.e.jetty.server.AbstractConnector - Started ServerConnector@2a8e30e3{HTTP/1.1, (http/1.1)}{0.0.0.0:8083}
07:36:24.812 [graviteeio-node] INFO  org.eclipse.jetty.server.Server - Started @30383ms
07:36:24.813 [graviteeio-node] INFO  i.g.r.a.s.node.GraviteeApisNode - 	Starting component: AlertTriggerProviderManager
07:36:24.814 [graviteeio-node] INFO  i.g.common.service.AbstractService - Initializing service Alert Engine - Trigger provider manager
07:36:24.815 [graviteeio-node] INFO  i.g.a.connector.ws.WsTriggerProvider - AlertEngine connector is enabled. Starting connector.
07:36:24.822 [graviteeio-node] INFO  i.g.a.c.ws.WebSocketConnector - AlertEngine connector is disabled.
07:36:24.823 [graviteeio-node] INFO  i.g.r.a.s.node.GraviteeApisNode - 	Starting component: AlertEventProducerManager
07:36:24.824 [graviteeio-node] INFO  i.g.common.service.AbstractService - Initializing service Alert Engine - Event producer
07:36:24.828 [graviteeio-node] INFO  i.g.ae.connector.ws.WsEventProducer - AlertEngine connector is enabled. Starting connector.
07:36:24.829 [graviteeio-node] INFO  i.g.ae.connector.ws.HttpConnector - AlertEngine connector is disabled.
07:36:24.844 [graviteeio-node] INFO  i.g.r.a.s.node.GraviteeApisNode - Gravitee.io - Rest APIs id[708bd22d-a4a3-4de6-8bd2-2da4a39de63e] version[3.20.0] pid[1] build[205135#30e3782bd2] jvm[Eclipse Adoptium/OpenJDK 64-Bit Server VM/17.0.5+8] started in 16989 ms.
07:36:24.948 [RxComputationThreadPool-3] WARN  i.g.ae.connector.ws.WsEventProducer - An error occurred trying to send events: The connector is not yet ready
07:40:04.106 [gravitee-listener-60] WARN  i.g.r.a.s.l.AuthenticationFailureListener - Authentication failed event for: admin - IP: 172.20.0.1
07:40:20.640 [gravitee-listener-63] WARN  i.g.r.a.s.l.AuthenticationFailureListener - Authentication failed event for: admin - IP: 172.20.0.1
07:41:26.528 [gravitee-listener-65] INFO  i.g.c.event.impl.EventManagerImpl - Register new listener GraviteeCorsConfiguration for event type class io.gravitee.rest.api.model.parameters.Key
07:41:48.784 [gravitee-listener-63] WARN  i.g.r.a.s.l.AuthenticationFailureListener - Authentication failed event for: admin - IP: 172.20.0.1
07:41:59.813 [gravitee-listener-67] WARN  i.g.r.a.s.l.AuthenticationFailureListener - Authentication failed event for: admin - IP: 172.20.0.1
07:50:41.830 [gravitee-listener-60] WARN  i.g.r.a.s.l.AuthenticationFailureListener - Authentication failed event for: admin - IP: 172.20.0.1
07:57:11.641 [gravitee-listener-64] WARN  org.eclipse.jetty.server.HttpChannel - /portal/environments/DEFAULT
java.lang.StringIndexOutOfBoundsException: begin 14, end -1, length 21
	at java.base/java.lang.String.checkBoundsBeginEnd(Unknown Source)
	at java.base/java.lang.String.substring(Unknown Source)
	at io.gravitee.rest.api.portal.security.config.GraviteeUrlBasedCorsConfigurationSource.computeEnvironmentId(GraviteeUrlBasedCorsConfigurationSource.java:49)
	at io.gravitee.rest.api.portal.security.config.GraviteeUrlBasedCorsConfigurationSource.getCorsConfiguration(GraviteeUrlBasedCorsConfigurationSource.java:56)
	at org.springframework.web.filter.CorsFilter.doFilterInternal(CorsFilter.java:86)
	at org.springframework.web.filter.OncePerRequestFilter.doFilter(OncePerRequestFilter.java:117)
	at org.springframework.security.web.FilterChainProxy$VirtualFilterChain.doFilter(FilterChainProxy.java:336)
	at org.springframework.security.web.header.HeaderWriterFilter.doHeadersAfter(HeaderWriterFilter.java:90)
	at org.springframework.security.web.header.HeaderWriterFilter.doFilterInternal(HeaderWriterFilter.java:75)
	at org.springframework.web.filter.OncePerRequestFilter.doFilter(OncePerRequestFilter.java:117)
	at org.springframework.security.web.FilterChainProxy$VirtualFilterChain.doFilter(FilterChainProxy.java:336)
	at org.springframework.security.web.context.SecurityContextPersistenceFilter.doFilter(SecurityContextPersistenceFilter.java:110)
	at org.springframework.security.web.context.SecurityContextPersistenceFilter.doFilter(SecurityContextPersistenceFilter.java:80)
	at org.springframework.security.web.FilterChainProxy$VirtualFilterChain.doFilter(FilterChainProxy.java:336)
	at org.springframework.security.web.context.request.async.WebAsyncManagerIntegrationFilter.doFilterInternal(WebAsyncManagerIntegrationFilter.java:55)
	at org.springframework.web.filter.OncePerRequestFilter.doFilter(OncePerRequestFilter.java:117)
	at org.springframework.security.web.FilterChainProxy$VirtualFilterChain.doFilter(FilterChainProxy.java:336)
	at org.springframework.security.web.FilterChainProxy.doFilterInternal(FilterChainProxy.java:211)
	at org.springframework.security.web.FilterChainProxy.doFilter(FilterChainProxy.java:183)
	at org.springframework.web.filter.DelegatingFilterProxy.invokeDelegate(DelegatingFilterProxy.java:354)
	at org.springframework.web.filter.DelegatingFilterProxy.doFilter(DelegatingFilterProxy.java:267)
	at org.eclipse.jetty.servlet.FilterHolder.doFilter(FilterHolder.java:193)
	at org.eclipse.jetty.servlet.ServletHandler$Chain.doFilter(ServletHandler.java:1601)
	at org.eclipse.jetty.servlet.ServletHandler.doHandle(ServletHandler.java:548)
	at org.eclipse.jetty.server.handler.ScopedHandler.nextHandle(ScopedHandler.java:233)
	at org.eclipse.jetty.server.session.SessionHandler.doHandle(SessionHandler.java:1624)
	at org.eclipse.jetty.server.handler.ScopedHandler.nextHandle(ScopedHandler.java:233)
	at org.eclipse.jetty.server.handler.ContextHandler.doHandle(ContextHandler.java:1434)
	at org.eclipse.jetty.server.handler.ScopedHandler.nextScope(ScopedHandler.java:188)
	at org.eclipse.jetty.servlet.ServletHandler.doScope(ServletHandler.java:501)
	at org.eclipse.jetty.server.session.SessionHandler.doScope(SessionHandler.java:1594)
	at org.eclipse.jetty.server.handler.ScopedHandler.nextScope(ScopedHandler.java:186)
	at org.eclipse.jetty.server.handler.ContextHandler.doScope(ContextHandler.java:1349)
	at org.eclipse.jetty.server.handler.ScopedHandler.handle(ScopedHandler.java:141)
	at org.eclipse.jetty.server.handler.ContextHandlerCollection.handle(ContextHandlerCollection.java:234)
	at org.eclipse.jetty.server.handler.HandlerWrapper.handle(HandlerWrapper.java:127)
	at org.eclipse.jetty.server.Server.handle(Server.java:516)
	at org.eclipse.jetty.server.HttpChannel.lambda$handle$1(HttpChannel.java:400)
	at org.eclipse.jetty.server.HttpChannel.dispatch(HttpChannel.java:645)
	at org.eclipse.jetty.server.HttpChannel.handle(HttpChannel.java:392)
	at org.eclipse.jetty.server.HttpConnection.onFillable(HttpConnection.java:277)
	at org.eclipse.jetty.io.AbstractConnection$ReadCallback.succeeded(AbstractConnection.java:311)
	at org.eclipse.jetty.io.FillInterest.fillable(FillInterest.java:105)
	at org.eclipse.jetty.io.ChannelEndPoint$1.run(ChannelEndPoint.java:104)
	at org.eclipse.jetty.util.thread.strategy.EatWhatYouKill.runTask(EatWhatYouKill.java:338)
	at org.eclipse.jetty.util.thread.strategy.EatWhatYouKill.doProduce(EatWhatYouKill.java:315)
	at org.eclipse.jetty.util.thread.strategy.EatWhatYouKill.tryProduce(EatWhatYouKill.java:173)
	at org.eclipse.jetty.util.thread.strategy.EatWhatYouKill.run(EatWhatYouKill.java:131)
	at org.eclipse.jetty.util.thread.ReservedThreadExecutor$ReservedThread.run(ReservedThreadExecutor.java:409)
	at org.eclipse.jetty.util.thread.QueuedThreadPool.runJob(QueuedThreadPool.java:883)
	at org.eclipse.jetty.util.thread.QueuedThreadPool$Runner.run(QueuedThreadPool.java:1034)
	at java.base/java.lang.Thread.run(Unknown Source)
07:57:37.780 [gravitee-listener-66] INFO  i.g.c.event.impl.EventManagerImpl - Register new listener GraviteeCorsConfiguration for event type class io.gravitee.rest.api.model.parameters.Key
07:57:37.780 [gravitee-listener-105] INFO  i.g.c.event.impl.EventManagerImpl - Register new listener GraviteeCorsConfiguration for event type class io.gravitee.rest.api.model.parameters.Key
09:38:36.988 [graviteeio-finalizer] INFO  i.g.r.a.s.GraviteeApisContainer - Preparing Gravitee.io - Rest APIs for shutting-down...
09:38:37.014 [graviteeio-finalizer] INFO  i.g.r.a.s.node.GraviteeApisNode - Applying graceful shutdown delay 0 MILLISECONDS
09:38:37.016 [graviteeio-finalizer] INFO  i.g.r.a.s.node.GraviteeApisNode - Graceful shutdown delay exhausted
09:38:37.017 [graviteeio-finalizer] INFO  i.g.r.a.s.GraviteeApisContainer - Shutting-down Gravitee.io - Rest APIs...
09:38:37.017 [graviteeio-finalizer] INFO  i.g.r.a.s.node.GraviteeApisNode - Gravitee.io - Rest APIs is stopping
09:38:37.260 [graviteeio-finalizer] INFO  i.g.r.a.s.node.GraviteeApisNode - 	Stopping component: AlertEventProducerManager
09:38:37.270 [graviteeio-finalizer] INFO  i.g.common.service.AbstractService - Destroying service Alert Engine - Event producer
09:38:37.324 [JettyShutdownThread] INFO  o.e.jetty.server.AbstractConnector - Stopped ServerConnector@2a8e30e3{HTTP/1.1, (http/1.1)}{0.0.0.0:8083}
09:38:37.324 [JettyShutdownThread] INFO  org.eclipse.jetty.server.session - node0 Stopped scavenging
09:38:37.372 [graviteeio-finalizer] INFO  i.g.r.a.s.node.GraviteeApisNode - 	Stopping component: AlertTriggerProviderManager
09:38:37.373 [graviteeio-finalizer] INFO  i.g.common.service.AbstractService - Destroying service Alert Engine - Trigger provider manager
09:38:37.374 [graviteeio-finalizer] INFO  i.g.r.a.s.node.GraviteeApisNode - 	Stopping component: JettyEmbeddedContainer
09:38:37.416 [JettyShutdownThread] INFO  o.e.j.s.h.ContextHandler.management - Closing Spring root WebApplicationContext
09:38:37.455 [JettyShutdownThread] INFO  o.e.j.server.handler.ContextHandler - Stopped o.e.j.s.ServletContextHandler@7df7b502{/management,null,STOPPED}
09:38:37.468 [JettyShutdownThread] INFO  o.e.j.s.h.ContextHandler.portal - Closing Spring root WebApplicationContext
09:38:37.471 [JettyShutdownThread] INFO  o.e.j.server.handler.ContextHandler - Stopped o.e.j.s.ServletContextHandler@b7461ac{/portal,null,STOPPED}
09:38:37.495 [graviteeio-finalizer] INFO  i.g.r.a.s.node.GraviteeApisNode - 	Stopping component: InitializerService
09:38:37.496 [graviteeio-finalizer] INFO  i.g.common.service.AbstractService - Destroying service Upgrader service
09:38:37.497 [graviteeio-finalizer] INFO  i.g.r.a.s.node.GraviteeApisNode - 	Stopping component: KeyStoreLoaderManager
09:38:37.498 [graviteeio-finalizer] INFO  i.g.common.service.AbstractService - Destroying service io.gravitee.node.certificates.KeyStoreLoaderManager
09:38:37.499 [graviteeio-finalizer] INFO  i.g.r.a.s.node.GraviteeApisNode - 	Stopping component: ReporterManager
09:38:37.500 [graviteeio-finalizer] INFO  i.g.common.service.AbstractService - Destroying service Reporter service
09:38:37.510 [graviteeio-finalizer] INFO  i.g.r.a.s.node.GraviteeApisNode - 	Stopping component: NodeMonitorService
09:38:37.512 [graviteeio-finalizer] INFO  i.g.n.m.monitor.NodeMonitorService - Stop node monitor
09:38:37.537 [graviteeio-finalizer] INFO  i.g.common.service.AbstractService - Destroying service Node Monitor Service
09:38:37.538 [graviteeio-finalizer] INFO  i.g.n.m.monitor.NodeMonitorService - Stop node monitor : DONE
09:38:37.539 [graviteeio-finalizer] INFO  i.g.r.a.s.node.GraviteeApisNode - 	Stopping component: NodeHealthCheckService
09:38:37.540 [graviteeio-finalizer] INFO  i.g.common.service.AbstractService - Destroying service Node Health-check service
09:38:37.540 [graviteeio-finalizer] INFO  i.g.r.a.s.node.GraviteeApisNode - 	Stopping component: NodeInfosService
09:38:37.541 [graviteeio-finalizer] INFO  i.g.n.m.infos.NodeInfosService - Stopping node infos service
09:38:37.541 [graviteeio-finalizer] INFO  i.g.common.service.AbstractService - Destroying service Node Infos Service
09:38:37.542 [graviteeio-finalizer] INFO  i.g.n.m.infos.NodeInfosService - Stop node infos service : DONE
09:38:37.542 [graviteeio-finalizer] INFO  i.g.r.a.s.node.GraviteeApisNode - 	Stopping component: NodeMonitoringEventHandler
09:38:37.542 [graviteeio-finalizer] INFO  i.g.common.service.AbstractService - Destroying service io.gravitee.node.monitoring.handler.NodeMonitoringEventHandler
09:38:37.543 [graviteeio-finalizer] INFO  i.g.r.a.s.node.GraviteeApisNode - 	Stopping component: ManagementService
09:38:37.543 [graviteeio-finalizer] INFO  i.g.common.service.AbstractService - Destroying service Node Management API service
09:38:37.544 [graviteeio-finalizer] INFO  i.g.r.a.s.node.GraviteeApisNode - 	Stopping component: ServiceManager
09:38:37.544 [graviteeio-finalizer] INFO  i.g.common.service.AbstractService - Destroying service Plugins - Services Manager
09:38:37.550 [graviteeio-finalizer] INFO  i.g.common.service.AbstractService - Destroying service Search Indexer Service
09:38:37.551 [graviteeio-finalizer] INFO  i.g.common.service.AbstractService - Destroying service Subscriptions Refresher Service
09:38:37.552 [graviteeio-finalizer] INFO  i.g.common.service.AbstractService - Destroying service Gateway - Repository Bridge HTTP Server
09:38:37.562 [graviteeio-finalizer] INFO  i.g.common.service.AbstractService - Destroying service Subscription Pre Expiration Notification service
09:38:37.563 [graviteeio-finalizer] INFO  i.g.common.service.AbstractService - Destroying service Dynamic Properties Service
09:38:37.564 [graviteeio-finalizer] INFO  i.g.common.service.AbstractService - Destroying service Sync Service
09:38:37.564 [graviteeio-finalizer] INFO  i.g.common.service.AbstractService - Destroying service Auto Fetch Service
09:38:37.564 [graviteeio-finalizer] INFO  i.g.common.service.AbstractService - Destroying service Dictionary Service
09:38:37.565 [graviteeio-finalizer] INFO  i.g.r.a.s.node.GraviteeApisNode - 	Stopping component: PluginRegistry
09:38:37.565 [graviteeio-finalizer] INFO  i.g.common.service.AbstractService - Destroying service io.gravitee.plugin.core.internal.PluginRegistryImpl
09:38:37.565 [graviteeio-finalizer] INFO  i.g.r.a.s.node.GraviteeApisNode - 	Stopping component: PluginEventListener
09:38:37.565 [graviteeio-finalizer] INFO  i.g.common.service.AbstractService - Destroying service io.gravitee.plugin.core.internal.PluginEventListener
09:38:37.566 [graviteeio-finalizer] INFO  i.g.r.a.s.node.GraviteeApisNode - 	Stopping component: LicenseService
09:38:37.566 [graviteeio-finalizer] INFO  i.g.common.service.AbstractService - Destroying service License service
09:38:37.568 [graviteeio-finalizer] INFO  i.g.r.a.s.node.GraviteeApisNode - Gravitee.io - Rest APIs stopped
09:38:37.570 [vert.x-eventloop-thread-13] INFO  i.g.r.bridge.server.BridgeService - HTTP server for bridge has been stopped
09:38:37.575 [vert.x-eventloop-thread-2] INFO  i.g.n.m.h.v.v.ManagementVerticle - Stopping Management API...
09:38:37.590 [vert.x-eventloop-thread-2] INFO  i.g.n.m.h.v.v.ManagementVerticle - HTTP Server has been correctly stopped
